<?xml version="1.0"?><coverage lines-covered="208" lines-valid="3893" line-rate="0.05342923195479065" branches-covered="0" branches-valid="0" branch-rate="0" complexity="0" version="1.9" timestamp="1722869410"><sources><source>/home/adam/projects/mimic</source></sources><packages><package name="src/mimic_base/src/types" line-rate="0.05844155844155844" branch-rate="0" complexity="0"><classes><class name="ascii" filename="src/mimic_base/src/types/ascii.rs" line-rate="0" branch-rate="0" complexity="0"><methods/><lines><line number="18" hits="0"/><line number="19" hits="0"/><line number="22" hits="0"/><line number="23" hits="0"/><line number="27" hits="0"/><line number="29" hits="0"/></lines></class><class name="bytes" filename="src/mimic_base/src/types/bytes.rs" line-rate="0" branch-rate="0" complexity="0"><methods/><lines><line number="17" hits="0"/><line number="18" hits="0"/><line number="19" hits="0"/><line number="20" hits="0"/><line number="23" hits="0"/><line number="40" hits="0"/><line number="41" hits="0"/><line number="44" hits="0"/><line number="47" hits="0"/><line number="48" hits="0"/><line number="49" hits="0"/><line number="52" hits="0"/></lines></class><class name="color" filename="src/mimic_base/src/types/color.rs" line-rate="0" branch-rate="0" complexity="0"><methods/><lines><line number="17" hits="0"/><line number="36" hits="0"/></lines></class><class name="math" filename="src/mimic_base/src/types/math.rs" line-rate="0" branch-rate="0" complexity="0"><methods/><lines><line number="25" hits="0"/><line number="26" hits="0"/><line number="29" hits="0"/><line number="30" hits="0"/><line number="34" hits="0"/><line number="35" hits="0"/><line number="38" hits="0"/></lines></class><class name="text" filename="src/mimic_base/src/types/text.rs" line-rate="0" branch-rate="0" complexity="0"><methods/><lines><line number="19" hits="0"/><line number="20" hits="0"/></lines></class><class name="time" filename="src/mimic_base/src/types/time.rs" line-rate="0" branch-rate="0" complexity="0"><methods/><lines><line number="31" hits="0"/><line number="32" hits="0"/></lines></class></classes></package><package name="src/mimic/db/query/src" line-rate="0" branch-rate="0" complexity="0"><classes><class name="delete" filename="src/mimic/db/query/src/delete.rs" line-rate="0" branch-rate="0" complexity="0"><methods/><lines><line number="25" hits="0"/><line number="28" hits="0"/><line number="35" hits="0"/><line number="36" hits="0"/><line number="37" hits="0"/><line number="41" hits="0"/><line number="42" hits="0"/><line number="43" hits="0"/><line number="45" hits="0"/><line number="73" hits="0"/><line number="75" hits="0"/><line number="76" hits="0"/><line number="77" hits="0"/><line number="84" hits="0"/><line number="85" hits="0"/><line number="86" hits="0"/><line number="88" hits="0"/><line number="90" hits="0"/><line number="91" hits="0"/><line number="93" hits="0"/><line number="94" hits="0"/><line number="95" hits="0"/><line number="98" hits="0"/><line number="102" hits="0"/><line number="105" hits="0"/><line number="107" hits="0"/><line number="122" hits="0"/><line number="127" hits="0"/><line number="128" hits="0"/></lines></class><class name="iter" filename="src/mimic/db/query/src/iter.rs" line-rate="0" branch-rate="0" complexity="0"><methods/><lines><line number="46" hits="0"/><line number="55" hits="0"/><line number="56" hits="0"/><line number="57" hits="0"/><line number="59" hits="0"/><line number="61" hits="0"/><line number="63" hits="0"/><line number="67" hits="0"/><line number="68" hits="0"/><line number="69" hits="0"/><line number="71" hits="0"/><line number="72" hits="0"/><line number="73" hits="0"/><line number="74" hits="0"/><line number="78" hits="0"/><line number="85" hits="0"/><line number="86" hits="0"/><line number="88" hits="0"/><line number="92" hits="0"/><line number="93" hits="0"/><line number="95" hits="0"/><line number="99" hits="0"/><line number="100" hits="0"/><line number="104" hits="0"/><line number="105" hits="0"/><line number="107" hits="0"/><line number="108" hits="0"/><line number="109" hits="0"/><line number="113" hits="0"/><line number="114" hits="0"/><line number="115" hits="0"/><line number="116" hits="0"/><line number="117" hits="0"/><line number="122" hits="0"/><line number="123" hits="0"/><line number="124" hits="0"/><line number="125" hits="0"/><line number="129" hits="0"/><line number="130" hits="0"/><line number="140" hits="0"/><line number="141" hits="0"/><line number="159" hits="0"/><line number="162" hits="0"/><line number="167" hits="0"/><line number="168" hits="0"/><line number="170" hits="0"/><line number="174" hits="0"/><line number="175" hits="0"/><line number="179" hits="0"/><line number="180" hits="0"/><line number="182" hits="0"/><line number="186" hits="0"/><line number="187" hits="0"/><line number="191" hits="0"/><line number="192" hits="0"/><line number="194" hits="0"/><line number="198" hits="0"/><line number="199" hits="0"/><line number="203" hits="0"/><line number="204" hits="0"/><line number="207" hits="0"/><line number="210" hits="0"/><line number="214" hits="0"/><line number="215" hits="0"/><line number="222" hits="0"/><line number="223" hits="0"/><line number="240" hits="0"/><line number="250" hits="0"/><line number="253" hits="0"/><line number="254" hits="0"/><line number="255" hits="0"/><line number="260" hits="0"/><line number="261" hits="0"/><line number="262" hits="0"/><line number="266" hits="0"/><line number="267" hits="0"/><line number="271" hits="0"/><line number="273" hits="0"/></lines></class><class name="lib" filename="src/mimic/db/query/src/lib.rs" line-rate="0" branch-rate="0" complexity="0"><methods/><lines><line number="52" hits="0"/><line number="56" hits="0"/><line number="65" hits="0"/><line number="70" hits="0"/><line number="71" hits="0"/><line number="76" hits="0"/><line number="77" hits="0"/><line number="82" hits="0"/><line number="83" hits="0"/><line number="96" hits="0"/><line number="97" hits="0"/><line number="100" hits="0"/><line number="101" hits="0"/></lines></class><class name="load" filename="src/mimic/db/query/src/load.rs" line-rate="0" branch-rate="0" complexity="0"><methods/><lines><line number="51" hits="0"/><line number="54" hits="0"/><line number="61" hits="0"/><line number="62" hits="0"/><line number="63" hits="0"/><line number="68" hits="0"/><line number="69" hits="0"/><line number="74" hits="0"/><line number="75" hits="0"/><line number="80" hits="0"/><line number="81" hits="0"/><line number="85" hits="0"/><line number="86" hits="0"/><line number="88" hits="0"/><line number="93" hits="0"/><line number="94" hits="0"/><line number="103" hits="0"/><line number="104" hits="0"/><line number="106" hits="0"/><line number="110" hits="0"/><line number="111" hits="0"/><line number="113" hits="0"/><line number="117" hits="0"/><line number="118" hits="0"/><line number="145" hits="0"/><line number="147" hits="0"/><line number="148" hits="0"/><line number="160" hits="0"/><line number="161" hits="0"/><line number="162" hits="0"/><line number="167" hits="0"/><line number="168" hits="0"/><line number="169" hits="0"/><line number="174" hits="0"/><line number="175" hits="0"/><line number="176" hits="0"/><line number="181" hits="0"/><line number="182" hits="0"/><line number="183" hits="0"/><line number="188" hits="0"/><line number="189" hits="0"/><line number="190" hits="0"/><line number="195" hits="0"/><line number="196" hits="0"/><line number="197" hits="0"/><line number="202" hits="0"/><line number="203" hits="0"/><line number="204" hits="0"/><line number="208" hits="0"/><line number="209" hits="0"/><line number="210" hits="0"/><line number="212" hits="0"/><line number="216" hits="0"/><line number="217" hits="0"/><line number="218" hits="0"/><line number="220" hits="0"/><line number="249" hits="0"/><line number="251" hits="0"/><line number="252" hits="0"/><line number="253" hits="0"/><line number="254" hits="0"/><line number="255" hits="0"/><line number="256" hits="0"/><line number="257" hits="0"/><line number="258" hits="0"/><line number="265" hits="0"/><line number="266" hits="0"/><line number="268" hits="0"/><line number="271" hits="0"/><line number="273" hits="0"/><line number="274" hits="0"/><line number="275" hits="0"/><line number="276" hits="0"/><line number="277" hits="0"/><line number="278" hits="0"/><line number="284" hits="0"/><line number="285" hits="0"/><line number="286" hits="0"/><line number="288" hits="0"/><line number="290" hits="0"/><line number="294" hits="0"/><line number="295" hits="0"/><line number="296" hits="0"/><line number="297" hits="0"/><line number="298" hits="0"/><line number="300" hits="0"/><line number="301" hits="0"/><line number="302" hits="0"/><line number="304" hits="0"/><line number="305" hits="0"/><line number="306" hits="0"/><line number="308" hits="0"/><line number="309" hits="0"/><line number="310" hits="0"/><line number="312" hits="0"/><line number="313" hits="0"/><line number="314" hits="0"/><line number="317" hits="0"/><line number="325" hits="0"/><line number="326" hits="0"/><line number="328" hits="0"/><line number="332" hits="0"/><line number="333" hits="0"/><line number="335" hits="0"/><line number="339" hits="0"/><line number="340" hits="0"/><line number="341" hits="0"/><line number="342" hits="0"/><line number="344" hits="0"/><line number="349" hits="0"/><line number="354" hits="0"/><line number="355" hits="0"/><line number="356" hits="0"/><line number="358" hits="0"/><line number="360" hits="0"/><line number="361" hits="0"/><line number="364" hits="0"/><line number="366" hits="0"/><line number="374" hits="0"/><line number="379" hits="0"/><line number="380" hits="0"/><line number="383" hits="0"/><line number="384" hits="0"/><line number="385" hits="0"/><line number="386" hits="0"/><line number="387" hits="0"/><line number="390" hits="0"/><line number="393" hits="0"/><line number="397" hits="0"/><line number="398" hits="0"/><line number="400" hits="0"/><line number="404" hits="0"/><line number="405" hits="0"/><line number="406" hits="0"/><line number="407" hits="0"/><line number="408" hits="0"/><line number="409" hits="0"/><line number="411" hits="0"/></lines></class><class name="resolver" filename="src/mimic/db/query/src/resolver.rs" line-rate="0" branch-rate="0" complexity="0"><methods/><lines><line number="24" hits="0"/><line number="26" hits="0"/><line number="44" hits="0"/><line number="46" hits="0"/><line number="51" hits="0"/><line number="52" hits="0"/><line number="53" hits="0"/><line number="54" hits="0"/><line number="55" hits="0"/><line number="57" hits="0"/><line number="61" hits="0"/><line number="62" hits="0"/><line number="65" hits="0"/><line number="67" hits="0"/><line number="71" hits="0"/><line number="72" hits="0"/><line number="73" hits="0"/><line number="76" hits="0"/><line number="77" hits="0"/><line number="80" hits="0"/><line number="85" hits="0"/><line number="86" hits="0"/><line number="91" hits="0"/><line number="92" hits="0"/><line number="93" hits="0"/><line number="96" hits="0"/><line number="97" hits="0"/><line number="98" hits="0"/><line number="99" hits="0"/><line number="100" hits="0"/><line number="102" hits="0"/><line number="104" hits="0"/><line number="110" hits="0"/><line number="111" hits="0"/><line number="112" hits="0"/><line number="113" hits="0"/><line number="114" hits="0"/><line number="116" hits="0"/><line number="119" hits="0"/><line number="122" hits="0"/></lines></class><class name="save" filename="src/mimic/db/query/src/save.rs" line-rate="0" branch-rate="0" complexity="0"><methods/><lines><line number="54" hits="0"/><line number="84" hits="0"/><line number="87" hits="0"/><line number="97" hits="0"/><line number="98" hits="0"/><line number="99" hits="0"/><line number="103" hits="0"/><line number="104" hits="0"/><line number="106" hits="0"/><line number="110" hits="0"/><line number="114" hits="0"/><line number="122" hits="0"/><line number="124" hits="0"/><line number="127" hits="0"/><line number="131" hits="0"/><line number="135" hits="0"/><line number="139" hits="0"/><line number="143" hits="0"/><line number="147" hits="0"/><line number="148" hits="0"/><line number="149" hits="0"/><line number="151" hits="0"/><line number="167" hits="0"/><line number="169" hits="0"/><line number="170" hits="0"/><line number="176" hits="0"/><line number="178" hits="0"/><line number="181" hits="0"/><line number="182" hits="0"/><line number="183" hits="0"/><line number="184" hits="0"/><line number="187" hits="0"/><line number="191" hits="0"/><line number="192" hits="0"/><line number="199" hits="0"/><line number="200" hits="0"/><line number="202" hits="0"/><line number="203" hits="0"/><line number="204" hits="0"/><line number="211" hits="0"/><line number="212" hits="0"/><line number="213" hits="0"/><line number="217" hits="0"/><line number="218" hits="0"/><line number="219" hits="0"/><line number="220" hits="0"/><line number="224" hits="0"/><line number="225" hits="0"/><line number="226" hits="0"/><line number="230" hits="0"/><line number="237" hits="0"/><line number="238" hits="0"/><line number="239" hits="0"/><line number="240" hits="0"/><line number="241" hits="0"/><line number="243" hits="0"/><line number="244" hits="0"/><line number="245" hits="0"/><line number="246" hits="0"/><line number="249" hits="0"/><line number="252" hits="0"/><line number="253" hits="0"/><line number="254" hits="0"/><line number="255" hits="0"/><line number="257" hits="0"/><line number="260" hits="0"/><line number="262" hits="0"/><line number="265" hits="0"/><line number="266" hits="0"/><line number="267" hits="0"/><line number="268" hits="0"/><line number="270" hits="0"/><line number="273" hits="0"/><line number="275" hits="0"/><line number="282" hits="0"/><line number="284" hits="0"/><line number="285" hits="0"/><line number="287" hits="0"/><line number="291" hits="0"/><line number="293" hits="0"/><line number="307" hits="0"/><line number="312" hits="0"/><line number="313" hits="0"/><line number="317" hits="0"/><line number="318" hits="0"/><line number="322" hits="0"/><line number="327" hits="0"/><line number="328" hits="0"/><line number="332" hits="0"/><line number="333" hits="0"/><line number="334" hits="0"/><line number="336" hits="0"/><line number="339" hits="0"/><line number="341" hits="0"/><line number="345" hits="0"/><line number="346" hits="0"/><line number="348" hits="0"/><line number="351" hits="0"/><line number="352" hits="0"/><line number="354" hits="0"/><line number="356" hits="0"/><line number="360" hits="0"/><line number="361" hits="0"/><line number="362" hits="0"/><line number="363" hits="0"/><line number="364" hits="0"/></lines></class><class name="types" filename="src/mimic/db/query/src/types.rs" line-rate="0" branch-rate="0" complexity="0"><methods/><lines><line number="19" hits="0"/><line number="21" hits="0"/><line number="22" hits="0"/><line number="33" hits="0"/><line number="34" hits="0"/><line number="35" hits="0"/><line number="36" hits="0"/><line number="52" hits="0"/><line number="54" hits="0"/><line number="55" hits="0"/><line number="66" hits="0"/><line number="67" hits="0"/><line number="69" hits="0"/><line number="70" hits="0"/><line number="71" hits="0"/><line number="96" hits="0"/><line number="97" hits="0"/><line number="98" hits="0"/><line number="99" hits="0"/><line number="110" hits="0"/><line number="111" hits="0"/><line number="112" hits="0"/><line number="113" hits="0"/><line number="137" hits="0"/><line number="138" hits="0"/><line number="140" hits="0"/><line number="141" hits="0"/><line number="142" hits="0"/><line number="153" hits="0"/><line number="154" hits="0"/><line number="156" hits="0"/><line number="157" hits="0"/><line number="158" hits="0"/><line number="311" hits="0"/><line number="313" hits="0"/><line number="314" hits="0"/><line number="320" hits="0"/><line number="321" hits="0"/><line number="326" hits="0"/><line number="327" hits="0"/><line number="339" hits="0"/><line number="341" hits="0"/><line number="343" hits="0"/><line number="350" hits="0"/><line number="351" hits="0"/><line number="356" hits="0"/><line number="357" hits="0"/></lines></class></classes></package><package name="src/mimic/ic/src/structures" line-rate="0" branch-rate="0" complexity="0"><classes><class name="btreemap" filename="src/mimic/ic/src/structures/btreemap.rs" line-rate="0" branch-rate="0" complexity="0"><methods/><lines><line number="25" hits="0"/><line number="27" hits="0"/><line number="32" hits="0"/><line number="33" hits="0"/><line number="37" hits="0"/><line number="38" hits="0"/><line number="44" hits="0"/><line number="45" hits="0"/></lines></class><class name="cell" filename="src/mimic/ic/src/structures/cell.rs" line-rate="0" branch-rate="0" complexity="0"><methods/><lines><line number="25" hits="0"/><line number="27" hits="0"/><line number="33" hits="0"/><line number="58" hits="0"/><line number="59" hits="0"/><line number="61" hits="0"/><line number="65" hits="0"/><line number="66" hits="0"/><line number="68" hits="0"/><line number="73" hits="0"/><line number="74" hits="0"/><line number="78" hits="0"/><line number="79" hits="0"/><line number="81" hits="0"/></lines></class></classes></package><package name="src/mimic/types/src" line-rate="0.19480519480519481" branch-rate="0" complexity="0"><classes><class name="blob" filename="src/mimic/types/src/blob.rs" line-rate="0" branch-rate="0" complexity="0"><methods/><lines><line number="29" hits="0"/><line number="30" hits="0"/><line number="34" hits="0"/><line number="35" hits="0"/><line number="40" hits="0"/><line number="41" hits="0"/></lines></class><class name="decimal" filename="src/mimic/types/src/decimal.rs" line-rate="0" branch-rate="0" complexity="0"><methods/><lines><line number="36" hits="0"/><line number="37" hits="0"/><line number="42" hits="0"/><line number="43" hits="0"/><line number="44" hits="0"/><line number="46" hits="0"/><line number="47" hits="0"/><line number="49" hits="0"/><line number="54" hits="0"/><line number="55" hits="0"/><line number="62" hits="0"/><line number="63" hits="0"/><line number="65" hits="0"/><line number="67" hits="0"/><line number="72" hits="0"/><line number="73" hits="0"/><line number="78" hits="0"/><line number="79" hits="0"/><line number="84" hits="0"/><line number="85" hits="0"/><line number="90" hits="0"/><line number="91" hits="0"/><line number="97" hits="0"/><line number="98" hits="0"/><line number="104" hits="0"/><line number="105" hits="0"/><line number="110" hits="0"/><line number="111" hits="0"/><line number="116" hits="0"/><line number="117" hits="0"/><line number="122" hits="0"/><line number="123" hits="0"/><line number="126" hits="0"/><line number="127" hits="0"/><line number="130" hits="0"/><line number="131" hits="0"/><line number="134" hits="0"/><line number="135" hits="0"/><line number="140" hits="0"/><line number="141" hits="0"/><line number="144" hits="0"/><line number="145" hits="0"/><line number="148" hits="0"/><line number="149" hits="0"/><line number="152" hits="0"/><line number="153" hits="0"/><line number="156" hits="0"/><line number="157" hits="0"/></lines></class><class name="timestamp" filename="src/mimic/types/src/timestamp.rs" line-rate="0.4" branch-rate="0" complexity="0"><methods/><lines><line number="26" hits="0"/><line number="33" hits="2"/><line number="34" hits="2"/><line number="38" hits="0"/><line number="39" hits="0"/></lines></class></classes></package><package name="src/mimic/orm/schema/src" line-rate="0.05048543689320388" branch-rate="0" complexity="0"><classes><class name="build" filename="src/mimic/orm/schema/src/build.rs" line-rate="0.3" branch-rate="0" complexity="0"><methods/><lines><line number="25" hits="4"/><line number="28" hits="2"/><line number="29" hits="2"/><line number="33" hits="0"/><line number="34" hits="0"/><line number="38" hits="0"/><line number="40" hits="0"/><line number="41" hits="0"/><line number="44" hits="0"/><line number="47" hits="0"/></lines></class><class name="types" filename="src/mimic/orm/schema/src/types.rs" line-rate="0" branch-rate="0" complexity="0"><methods/><lines><line number="33" hits="0"/></lines></class><class name="visit" filename="src/mimic/orm/schema/src/visit.rs" line-rate="0" branch-rate="0" complexity="0"><methods/><lines><line number="46" hits="0"/><line number="48" hits="0"/><line number="54" hits="0"/><line number="55" hits="0"/><line number="59" hits="0"/><line number="60" hits="0"/><line number="65" hits="0"/><line number="69" hits="0"/><line number="70" hits="0"/><line number="71" hits="0"/><line number="72" hits="0"/><line number="74" hits="0"/><line number="75" hits="0"/><line number="76" hits="0"/><line number="77" hits="0"/><line number="78" hits="0"/><line number="79" hits="0"/><line number="80" hits="0"/><line number="81" hits="0"/><line number="82" hits="0"/><line number="83" hits="0"/><line number="84" hits="0"/><line number="86" hits="0"/><line number="91" hits="0"/><line number="95" hits="0"/><line number="96" hits="0"/><line number="99" hits="0"/><line number="100" hits="0"/></lines></class></classes></package><package name="src/mimic/cli/src/schema" line-rate="0" branch-rate="0" complexity="0"><classes><class name="mod" filename="src/mimic/cli/src/schema/mod.rs" line-rate="0" branch-rate="0" complexity="0"><methods/><lines><line number="4" hits="0"/><line number="5" hits="0"/><line number="7" hits="0"/></lines></class></classes></package><package name="src/mimic/orm/macros/src/imp" line-rate="0" branch-rate="0" complexity="0"><classes><class name="default" filename="src/mimic/orm/macros/src/imp/default.rs" line-rate="0" branch-rate="0" complexity="0"><methods/><lines><line number="9" hits="0"/><line number="10" hits="0"/><line number="12" hits="0"/><line number="13" hits="0"/><line number="18" hits="0"/><line number="19" hits="0"/><line number="21" hits="0"/><line number="22" hits="0"/><line number="27" hits="0"/><line number="29" hits="0"/><line number="30" hits="0"/><line number="31" hits="0"/><line number="33" hits="0"/><line number="34" hits="0"/><line number="36" hits="0"/><line number="40" hits="0"/><line number="47" hits="0"/><line number="57" hits="0"/><line number="58" hits="0"/><line number="60" hits="0"/><line number="61" hits="0"/><line number="62" hits="0"/><line number="66" hits="0"/><line number="72" hits="0"/><line number="73" hits="0"/><line number="79" hits="0"/><line number="80" hits="0"/><line number="81" hits="0"/><line number="82" hits="0"/><line number="83" hits="0"/><line number="84" hits="0"/><line number="85" hits="0"/></lines></class><class name="display" filename="src/mimic/orm/macros/src/imp/display.rs" line-rate="0" branch-rate="0" complexity="0"><methods/><lines><line number="10" hits="0"/><line number="11" hits="0"/><line number="17" hits="0"/><line number="18" hits="0"/></lines></class><class name="filterable" filename="src/mimic/orm/macros/src/imp/filterable.rs" line-rate="0" branch-rate="0" complexity="0"><methods/><lines><line number="10" hits="0"/><line number="11" hits="0"/><line number="12" hits="0"/><line number="15" hits="0"/><line number="17" hits="0"/><line number="21" hits="0"/><line number="27" hits="0"/><line number="28" hits="0"/></lines></class><class name="from" filename="src/mimic/orm/macros/src/imp/from.rs" line-rate="0" branch-rate="0" complexity="0"><methods/><lines><line number="13" hits="0"/><line number="14" hits="0"/><line number="15" hits="0"/><line number="17" hits="0"/><line number="25" hits="0"/><line number="26" hits="0"/><line number="27" hits="0"/><line number="39" hits="0"/><line number="40" hits="0"/><line number="42" hits="0"/><line number="44" hits="0"/><line number="47" hits="0"/><line number="50" hits="0"/><line number="51" hits="0"/><line number="55" hits="0"/><line number="59" hits="0"/><line number="60" hits="0"/><line number="63" hits="0"/><line number="64" hits="0"/><line number="66" hits="0"/><line number="68" hits="0"/><line number="75" hits="0"/><line number="77" hits="0"/><line number="84" hits="0"/><line number="86" hits="0"/><line number="94" hits="0"/><line number="98" hits="0"/><line number="99" hits="0"/><line number="100" hits="0"/><line number="102" hits="0"/><line number="104" hits="0"/><line number="106" hits="0"/><line number="108" hits="0"/><line number="115" hits="0"/><line number="117" hits="0"/><line number="124" hits="0"/><line number="126" hits="0"/><line number="135" hits="0"/><line number="136" hits="0"/><line number="137" hits="0"/><line number="142" hits="0"/><line number="143" hits="0"/><line number="146" hits="0"/><line number="148" hits="0"/><line number="150" hits="0"/><line number="157" hits="0"/><line number="159" hits="0"/><line number="166" hits="0"/><line number="168" hits="0"/><line number="177" hits="0"/><line number="184" hits="0"/><line number="185" hits="0"/><line number="187" hits="0"/><line number="193" hits="0"/><line number="194" hits="0"/><line number="195" hits="0"/><line number="196" hits="0"/><line number="197" hits="0"/></lines></class><class name="inner" filename="src/mimic/orm/macros/src/imp/inner.rs" line-rate="0" branch-rate="0" complexity="0"><methods/><lines><line number="9" hits="0"/><line number="10" hits="0"/><line number="13" hits="0"/><line number="19" hits="0"/><line number="20" hits="0"/><line number="21" hits="0"/></lines></class><class name="mod" filename="src/mimic/orm/macros/src/imp/mod.rs" line-rate="0" branch-rate="0" complexity="0"><methods/><lines><line number="28" hits="0"/><line number="29" hits="0"/><line number="31" hits="0"/><line number="32" hits="0"/><line number="33" hits="0"/><line number="34" hits="0"/><line number="35" hits="0"/><line number="36" hits="0"/><line number="39" hits="0"/><line number="42" hits="0"/><line number="43" hits="0"/><line number="44" hits="0"/><line number="45" hits="0"/><line number="46" hits="0"/><line number="49" hits="0"/><line number="50" hits="0"/><line number="53" hits="0"/><line number="56" hits="0"/><line number="60" hits="0"/><line number="61" hits="0"/><line number="62" hits="0"/><line number="63" hits="0"/><line number="64" hits="0"/><line number="65" hits="0"/><line number="66" hits="0"/><line number="68" hits="0"/><line number="71" hits="0"/><line number="87" hits="0"/><line number="88" hits="0"/><line number="94" hits="0"/><line number="95" hits="0"/><line number="103" hits="0"/><line number="104" hits="0"/><line number="105" hits="0"/><line number="106" hits="0"/><line number="108" hits="0"/><line number="111" hits="0"/><line number="112" hits="0"/><line number="113" hits="0"/><line number="115" hits="0"/><line number="118" hits="0"/><line number="119" hits="0"/><line number="121" hits="0"/><line number="124" hits="0"/><line number="125" hits="0"/><line number="127" hits="0"/><line number="132" hits="0"/><line number="134" hits="0"/><line number="135" hits="0"/><line number="136" hits="0"/><line number="137" hits="0"/><line number="138" hits="0"/><line number="141" hits="0"/><line number="142" hits="0"/><line number="145" hits="0"/><line number="146" hits="0"/><line number="147" hits="0"/><line number="148" hits="0"/></lines></class><class name="num" filename="src/mimic/orm/macros/src/imp/num.rs" line-rate="0" branch-rate="0" complexity="0"><methods/><lines><line number="18" hits="0"/><line number="19" hits="0"/><line number="21" hits="0"/><line number="22" hits="0"/><line number="24" hits="0"/><line number="31" hits="0"/><line number="32" hits="0"/><line number="45" hits="0"/><line number="46" hits="0"/><line number="48" hits="0"/><line number="61" hits="0"/><line number="62" hits="0"/><line number="65" hits="0"/><line number="73" hits="0"/><line number="74" hits="0"/><line number="87" hits="0"/><line number="88" hits="0"/><line number="98" hits="0"/><line number="99" hits="0"/></lines></class><class name="orderable" filename="src/mimic/orm/macros/src/imp/orderable.rs" line-rate="0" branch-rate="0" complexity="0"><methods/><lines><line number="9" hits="0"/><line number="10" hits="0"/><line number="11" hits="0"/><line number="17" hits="0"/><line number="20" hits="0"/><line number="21" hits="0"/><line number="26" hits="0"/><line number="27" hits="0"/><line number="28" hits="0"/><line number="29" hits="0"/><line number="35" hits="0"/><line number="38" hits="0"/><line number="39" hits="0"/></lines></class><class name="primary_key" filename="src/mimic/orm/macros/src/imp/primary_key.rs" line-rate="0" branch-rate="0" complexity="0"><methods/><lines><line number="10" hits="0"/><line number="11" hits="0"/><line number="21" hits="0"/><line number="22" hits="0"/></lines></class><class name="record_filter" filename="src/mimic/orm/macros/src/imp/record_filter.rs" line-rate="0" branch-rate="0" complexity="0"><methods/><lines><line number="10" hits="0"/><line number="11" hits="0"/><line number="13" hits="0"/><line number="14" hits="0"/><line number="19" hits="0"/><line number="20" hits="0"/><line number="22" hits="0"/><line number="23" hits="0"/><line number="29" hits="0"/><line number="30" hits="0"/><line number="33" hits="0"/><line number="34" hits="0"/><line number="35" hits="0"/><line number="37" hits="0"/><line number="38" hits="0"/><line number="45" hits="0"/><line number="54" hits="0"/><line number="60" hits="0"/><line number="61" hits="0"/><line number="62" hits="0"/><line number="64" hits="0"/><line number="65" hits="0"/><line number="67" hits="0"/></lines></class><class name="record_sort" filename="src/mimic/orm/macros/src/imp/record_sort.rs" line-rate="0" branch-rate="0" complexity="0"><methods/><lines><line number="10" hits="0"/><line number="11" hits="0"/><line number="13" hits="0"/><line number="14" hits="0"/><line number="19" hits="0"/><line number="20" hits="0"/><line number="22" hits="0"/><line number="23" hits="0"/><line number="28" hits="0"/><line number="29" hits="0"/><line number="31" hits="0"/><line number="32" hits="0"/><line number="36" hits="0"/><line number="37" hits="0"/><line number="39" hits="0"/><line number="51" hits="0"/><line number="52" hits="0"/></lines></class><class name="sanitize_auto" filename="src/mimic/orm/macros/src/imp/sanitize_auto.rs" line-rate="0" branch-rate="0" complexity="0"><methods/><lines><line number="9" hits="0"/><line number="10" hits="0"/><line number="13" hits="0"/><line number="14" hits="0"/><line number="15" hits="0"/><line number="16" hits="0"/><line number="20" hits="0"/><line number="24" hits="0"/><line number="30" hits="0"/><line number="31" hits="0"/></lines></class><class name="validate_auto" filename="src/mimic/orm/macros/src/imp/validate_auto.rs" line-rate="0" branch-rate="0" complexity="0"><methods/><lines><line number="10" hits="0"/><line number="11" hits="0"/><line number="14" hits="0"/><line number="15" hits="0"/><line number="16" hits="0"/><line number="17" hits="0"/><line number="18" hits="0"/><line number="25" hits="0"/><line number="26" hits="0"/><line number="28" hits="0"/><line number="35" hits="0"/><line number="41" hits="0"/><line number="42" hits="0"/><line number="48" hits="0"/><line number="49" hits="0"/><line number="51" hits="0"/><line number="52" hits="0"/><line number="53" hits="0"/><line number="54" hits="0"/><line number="61" hits="0"/><line number="62" hits="0"/><line number="64" hits="0"/><line number="72" hits="0"/><line number="74" hits="0"/><line number="77" hits="0"/><line number="78" hits="0"/><line number="81" hits="0"/><line number="82" hits="0"/><line number="83" hits="0"/><line number="87" hits="0"/><line number="102" hits="0"/><line number="103" hits="0"/><line number="105" hits="0"/><line number="114" hits="0"/><line number="120" hits="0"/><line number="121" hits="0"/></lines></class><class name="visitable" filename="src/mimic/orm/macros/src/imp/visitable.rs" line-rate="0" branch-rate="0" complexity="0"><methods/><lines><line number="20" hits="0"/><line number="21" hits="0"/><line number="23" hits="0"/><line number="24" hits="0"/><line number="29" hits="0"/><line number="30" hits="0"/><line number="32" hits="0"/><line number="33" hits="0"/><line number="38" hits="0"/><line number="40" hits="0"/><line number="41" hits="0"/><line number="42" hits="0"/><line number="43" hits="0"/><line number="44" hits="0"/><line number="46" hits="0"/><line number="52" hits="0"/><line number="58" hits="0"/><line number="60" hits="0"/><line number="61" hits="0"/><line number="66" hits="0"/><line number="67" hits="0"/><line number="68" hits="0"/><line number="69" hits="0"/><line number="71" hits="0"/><line number="73" hits="0"/><line number="74" hits="0"/><line number="80" hits="0"/><line number="81" hits="0"/><line number="88" hits="0"/><line number="94" hits="0"/><line number="96" hits="0"/><line number="97" hits="0"/><line number="109" hits="0"/><line number="110" hits="0"/><line number="111" hits="0"/><line number="112" hits="0"/><line number="113" hits="0"/><line number="114" hits="0"/><line number="115" hits="0"/><line number="117" hits="0"/><line number="118" hits="0"/><line number="121" hits="0"/><line number="125" hits="0"/><line number="126" hits="0"/><line number="127" hits="0"/><line number="128" hits="0"/><line number="129" hits="0"/><line number="130" hits="0"/><line number="131" hits="0"/><line number="133" hits="0"/><line number="134" hits="0"/><line number="136" hits="0"/><line number="138" hits="0"/><line number="139" hits="0"/><line number="144" hits="0"/><line number="145" hits="0"/><line number="146" hits="0"/><line number="149" hits="0"/><line number="154" hits="0"/><line number="163" hits="0"/><line number="164" hits="0"/><line number="165" hits="0"/><line number="168" hits="0"/><line number="169" hits="0"/><line number="172" hits="0"/><line number="177" hits="0"/><line number="190" hits="0"/><line number="191" hits="0"/><line number="193" hits="0"/><line number="194" hits="0"/><line number="195" hits="0"/><line number="196" hits="0"/><line number="198" hits="0"/><line number="201" hits="0"/><line number="203" hits="0"/><line number="208" hits="0"/><line number="209" hits="0"/><line number="210" hits="0"/><line number="211" hits="0"/><line number="214" hits="0"/><line number="219" hits="0"/><line number="228" hits="0"/><line number="230" hits="0"/><line number="231" hits="0"/><line number="234" hits="0"/><line number="235" hits="0"/><line number="236" hits="0"/><line number="239" hits="0"/><line number="244" hits="0"/><line number="258" hits="0"/><line number="259" hits="0"/><line number="260" hits="0"/><line number="262" hits="0"/><line number="264" hits="0"/><line number="265" hits="0"/><line number="267" hits="0"/><line number="270" hits="0"/></lines></class></classes></package><package name="src/mimic_common/src" line-rate="0" branch-rate="0" complexity="0"><classes></classes></package><package name="src/mimic/config/src" line-rate="0" branch-rate="0" complexity="0"><classes><class name="lib" filename="src/mimic/config/src/lib.rs" line-rate="0" branch-rate="0" complexity="0"><methods/><lines><line number="37" hits="0"/><line number="38" hits="0"/><line number="40" hits="0"/><line number="42" hits="0"/><line number="44" hits="0"/><line number="48" hits="0"/><line number="49" hits="0"/><line number="51" hits="0"/><line number="53" hits="0"/><line number="54" hits="0"/><line number="56" hits="0"/><line number="58" hits="0"/><line number="63" hits="0"/><line number="64" hits="0"/><line number="67" hits="0"/></lines></class></classes></package><package name="src/mimic/canisters/test/src" line-rate="0" branch-rate="0" complexity="0"><classes><class name="db" filename="src/mimic/canisters/test/src/db.rs" line-rate="0" branch-rate="0" complexity="0"><methods/><lines><line number="21" hits="0"/><line number="27" hits="0"/><line number="28" hits="0"/><line number="30" hits="0"/><line number="32" hits="0"/><line number="33" hits="0"/><line number="34" hits="0"/><line number="36" hits="0"/><line number="37" hits="0"/><line number="39" hits="0"/><line number="47" hits="0"/><line number="51" hits="0"/><line number="52" hits="0"/><line number="53" hits="0"/><line number="54" hits="0"/><line number="55" hits="0"/><line number="61" hits="0"/><line number="67" hits="0"/><line number="71" hits="0"/><line number="77" hits="0"/><line number="78" hits="0"/><line number="79" hits="0"/><line number="83" hits="0"/><line number="84" hits="0"/><line number="85" hits="0"/><line number="89" hits="0"/><line number="91" hits="0"/><line number="98" hits="0"/><line number="99" hits="0"/><line number="100" hits="0"/><line number="101" hits="0"/><line number="107" hits="0"/><line number="111" hits="0"/><line number="112" hits="0"/><line number="113" hits="0"/><line number="117" hits="0"/><line number="118" hits="0"/><line number="119" hits="0"/><line number="123" hits="0"/><line number="129" hits="0"/><line number="133" hits="0"/><line number="137" hits="0"/><line number="138" hits="0"/><line number="139" hits="0"/><line number="142" hits="0"/><line number="143" hits="0"/><line number="146" hits="0"/><line number="147" hits="0"/><line number="148" hits="0"/><line number="149" hits="0"/><line number="150" hits="0"/><line number="151" hits="0"/><line number="152" hits="0"/><line number="153" hits="0"/><line number="157" hits="0"/><line number="158" hits="0"/><line number="161" hits="0"/><line number="162" hits="0"/><line number="163" hits="0"/><line number="164" hits="0"/><line number="165" hits="0"/><line number="166" hits="0"/><line number="167" hits="0"/><line number="168" hits="0"/><line number="173" hits="0"/><line number="178" hits="0"/><line number="179" hits="0"/><line number="180" hits="0"/><line number="184" hits="0"/><line number="185" hits="0"/><line number="186" hits="0"/><line number="190" hits="0"/><line number="197" hits="0"/><line number="201" hits="0"/><line number="205" hits="0"/><line number="206" hits="0"/><line number="207" hits="0"/><line number="211" hits="0"/><line number="213" hits="0"/><line number="214" hits="0"/><line number="215" hits="0"/><line number="218" hits="0"/><line number="219" hits="0"/><line number="220" hits="0"/><line number="222" hits="0"/><line number="223" hits="0"/><line number="228" hits="0"/><line number="230" hits="0"/><line number="231" hits="0"/><line number="232" hits="0"/><line number="234" hits="0"/><line number="238" hits="0"/><line number="239" hits="0"/><line number="240" hits="0"/><line number="241" hits="0"/><line number="242" hits="0"/><line number="243" hits="0"/><line number="244" hits="0"/><line number="245" hits="0"/><line number="246" hits="0"/><line number="247" hits="0"/><line number="248" hits="0"/><line number="251" hits="0"/><line number="252" hits="0"/><line number="254" hits="0"/><line number="260" hits="0"/><line number="261" hits="0"/><line number="262" hits="0"/><line number="268" hits="0"/><line number="272" hits="0"/><line number="273" hits="0"/><line number="274" hits="0"/><line number="279" hits="0"/><line number="280" hits="0"/><line number="281" hits="0"/><line number="285" hits="0"/><line number="286" hits="0"/><line number="287" hits="0"/><line number="289" hits="0"/><line number="290" hits="0"/><line number="295" hits="0"/><line number="304" hits="0"/><line number="308" hits="0"/><line number="309" hits="0"/><line number="313" hits="0"/><line number="314" hits="0"/><line number="316" hits="0"/><line number="317" hits="0"/><line number="318" hits="0"/></lines></class><class name="default" filename="src/mimic/canisters/test/src/default.rs" line-rate="0" branch-rate="0" complexity="0"><methods/><lines><line number="11" hits="0"/><line number="12" hits="0"/><line number="16" hits="0"/><line number="17" hits="0"/><line number="19" hits="0"/><line number="20" hits="0"/></lines></class><class name="lib" filename="src/mimic/canisters/test/src/lib.rs" line-rate="0" branch-rate="0" complexity="0"><methods/><lines><line number="10" hits="0"/><line number="11" hits="0"/><line number="15" hits="0"/><line number="20" hits="0"/><line number="21" hits="0"/><line number="25" hits="0"/><line number="26" hits="0"/><line number="31" hits="0"/><line number="37" hits="0"/><line number="40" hits="0"/><line number="43" hits="0"/><line number="49" hits="0"/></lines></class><class name="sanitize" filename="src/mimic/canisters/test/src/sanitize.rs" line-rate="0" branch-rate="0" complexity="0"><methods/><lines><line number="11" hits="0"/><line number="12" hits="0"/><line number="20" hits="0"/><line number="22" hits="0"/><line number="23" hits="0"/><line number="24" hits="0"/><line number="27" hits="0"/><line number="28" hits="0"/><line number="29" hits="0"/><line number="32" hits="0"/><line number="33" hits="0"/><line number="34" hits="0"/></lines></class><class name="validate" filename="src/mimic/canisters/test/src/validate.rs" line-rate="0" branch-rate="0" complexity="0"><methods/><lines><line number="11" hits="0"/><line number="12" hits="0"/><line number="20" hits="0"/><line number="23" hits="0"/><line number="24" hits="0"/><line number="26" hits="0"/><line number="27" hits="0"/><line number="31" hits="0"/><line number="32" hits="0"/><line number="34" hits="0"/><line number="37" hits="0"/><line number="38" hits="0"/><line number="39" hits="0"/><line number="40" hits="0"/><line number="46" hits="0"/></lines></class></classes></package><package name="src/mimic/types/src/error" line-rate="0.5333333333333333" branch-rate="0" complexity="0"><classes><class name="tree" filename="src/mimic/types/src/error/tree.rs" line-rate="0.4" branch-rate="0" complexity="0"><methods/><lines><line number="19" hits="2"/><line number="20" hits="2"/><line number="24" hits="1"/><line number="25" hits="3"/><line number="26" hits="4"/><line number="28" hits="4"/><line number="32" hits="0"/><line number="33" hits="0"/><line number="34" hits="0"/><line number="36" hits="0"/><line number="40" hits="0"/><line number="41" hits="0"/><line number="42" hits="0"/><line number="44" hits="0"/><line number="50" hits="1"/><line number="51" hits="1"/><line number="56" hits="1"/><line number="57" hits="1"/><line number="63" hits="0"/><line number="64" hits="0"/><line number="65" hits="0"/><line number="66" hits="0"/><line number="67" hits="0"/><line number="69" hits="0"/><line number="74" hits="0"/></lines></class><class name="vec" filename="src/mimic/types/src/error/vec.rs" line-rate="0.7" branch-rate="0" complexity="0"><methods/><lines><line number="19" hits="1"/><line number="20" hits="1"/><line number="24" hits="0"/><line number="25" hits="0"/><line number="26" hits="0"/><line number="28" hits="0"/><line number="32" hits="1"/><line number="33" hits="2"/><line number="37" hits="1"/><line number="38" hits="1"/><line number="39" hits="2"/><line number="44" hits="1"/><line number="45" hits="2"/><line number="46" hits="2"/><line number="51" hits="1"/><line number="52" hits="3"/><line number="53" hits="1"/><line number="55" hits="1"/><line number="61" hits="0"/><line number="62" hits="0"/></lines></class></classes></package><package name="src/mimic/src" line-rate="0" branch-rate="0" complexity="0"><classes></classes></package><package name="src/mimic_base/src/sanitizer/string" line-rate="0.07407407407407407" branch-rate="0" complexity="0"><classes><class name="case" filename="src/mimic_base/src/sanitizer/string/case.rs" line-rate="0" branch-rate="0" complexity="0"><methods/><lines><line number="12" hits="0"/><line number="13" hits="0"/><line number="26" hits="0"/><line number="27" hits="0"/><line number="40" hits="0"/><line number="41" hits="0"/><line number="54" hits="0"/><line number="55" hits="0"/><line number="68" hits="0"/><line number="69" hits="0"/><line number="82" hits="0"/><line number="83" hits="0"/><line number="96" hits="0"/><line number="97" hits="0"/><line number="110" hits="0"/><line number="111" hits="0"/><line number="124" hits="0"/><line number="125" hits="0"/></lines></class><class name="mod" filename="src/mimic_base/src/sanitizer/string/mod.rs" line-rate="0.2222222222222222" branch-rate="0" complexity="0"><methods/><lines><line number="15" hits="1"/><line number="16" hits="4"/><line number="33" hits="0"/><line number="34" hits="0"/><line number="35" hits="0"/><line number="37" hits="0"/><line number="51" hits="0"/><line number="52" hits="0"/><line number="54" hits="0"/></lines></class></classes></package><package name="src/mimic_base/src/types/prim" line-rate="0.0743801652892562" branch-rate="0" complexity="0"><classes><class name="blob" filename="src/mimic_base/src/types/prim/blob.rs" line-rate="0" branch-rate="0" complexity="0"><methods/><lines><line number="31" hits="0"/><line number="32" hits="0"/><line number="36" hits="0"/><line number="37" hits="0"/><line number="44" hits="0"/><line number="45" hits="0"/><line number="50" hits="0"/></lines></class><class name="decimal" filename="src/mimic_base/src/types/prim/decimal.rs" line-rate="0" branch-rate="0" complexity="0"><methods/><lines><line number="42" hits="0"/><line number="43" hits="0"/><line number="48" hits="0"/><line number="49" hits="0"/><line number="50" hits="0"/><line number="52" hits="0"/><line number="53" hits="0"/><line number="55" hits="0"/><line number="60" hits="0"/><line number="61" hits="0"/><line number="66" hits="0"/><line number="67" hits="0"/><line number="72" hits="0"/><line number="73" hits="0"/><line number="78" hits="0"/><line number="79" hits="0"/><line number="84" hits="0"/><line number="85" hits="0"/><line number="91" hits="0"/><line number="92" hits="0"/><line number="98" hits="0"/><line number="99" hits="0"/><line number="104" hits="0"/><line number="105" hits="0"/><line number="110" hits="0"/><line number="111" hits="0"/><line number="116" hits="0"/><line number="117" hits="0"/><line number="120" hits="0"/><line number="121" hits="0"/><line number="124" hits="0"/><line number="125" hits="0"/><line number="128" hits="0"/><line number="129" hits="0"/><line number="134" hits="0"/><line number="140" hits="0"/><line number="141" hits="0"/><line number="146" hits="0"/><line number="147" hits="0"/><line number="150" hits="0"/><line number="151" hits="0"/><line number="154" hits="0"/><line number="155" hits="0"/><line number="158" hits="0"/><line number="159" hits="0"/><line number="162" hits="0"/><line number="163" hits="0"/></lines></class><class name="principal" filename="src/mimic_base/src/types/prim/principal.rs" line-rate="0" branch-rate="0" complexity="0"><methods/><lines><line number="51" hits="0"/><line number="52" hits="0"/><line number="57" hits="0"/><line number="58" hits="0"/><line number="63" hits="0"/><line number="64" hits="0"/><line number="69" hits="0"/><line number="70" hits="0"/><line number="75" hits="0"/><line number="76" hits="0"/><line number="81" hits="0"/><line number="82" hits="0"/><line number="89" hits="0"/><line number="90" hits="0"/><line number="95" hits="0"/><line number="101" hits="0"/><line number="102" hits="0"/><line number="107" hits="0"/><line number="108" hits="0"/><line number="111" hits="0"/><line number="112" hits="0"/><line number="121" hits="0"/><line number="122" hits="0"/><line number="125" hits="0"/><line number="126" hits="0"/><line number="136" hits="0"/><line number="137" hits="0"/><line number="138" hits="0"/><line number="140" hits="0"/></lines></class></classes></package><package name="src/mimic_base/src/types/prim/ulid" line-rate="0.23684210526315788" branch-rate="0" complexity="0"><classes><class name="fixture" filename="src/mimic_base/src/types/prim/ulid/fixture.rs" line-rate="1" branch-rate="0" complexity="0"><methods/><lines><line number="20" hits="2"/><line number="22" hits="2"/><line number="23" hits="2"/><line number="24" hits="2"/><line number="27" hits="2"/><line number="28" hits="2"/><line number="29" hits="2"/></lines></class><class name="mod" filename="src/mimic_base/src/types/prim/ulid/mod.rs" line-rate="0.06451612903225806" branch-rate="0" complexity="0"><methods/><lines><line number="54" hits="0"/><line number="55" hits="0"/><line number="59" hits="0"/><line number="60" hits="0"/><line number="62" hits="0"/><line number="68" hits="0"/><line number="69" hits="0"/><line number="80" hits="0"/><line number="81" hits="0"/><line number="91" hits="0"/><line number="92" hits="0"/><line number="93" hits="0"/><line number="94" hits="0"/><line number="101" hits="0"/><line number="102" hits="0"/><line number="107" hits="1"/><line number="108" hits="1"/><line number="113" hits="0"/><line number="114" hits="0"/><line number="119" hits="0"/><line number="120" hits="0"/><line number="125" hits="0"/><line number="126" hits="0"/><line number="131" hits="0"/><line number="132" hits="0"/><line number="135" hits="0"/><line number="136" hits="0"/><line number="145" hits="0"/><line number="146" hits="0"/><line number="147" hits="0"/><line number="149" hits="0"/></lines></class></classes></package><package name="src/mimic/core/state/src" line-rate="0" branch-rate="0" complexity="0"><classes><class name="app_state" filename="src/mimic/core/state/src/app_state.rs" line-rate="0" branch-rate="0" complexity="0"><methods/><lines><line number="36" hits="0"/><line number="37" hits="0"/><line number="41" hits="0"/><line number="42" hits="0"/><line number="43" hits="0"/><line number="44" hits="0"/><line number="46" hits="0"/><line number="51" hits="0"/><line number="52" hits="0"/><line number="56" hits="0"/><line number="57" hits="0"/><line number="58" hits="0"/><line number="59" hits="0"/><line number="61" hits="0"/><line number="62" hits="0"/><line number="64" hits="0"/><line number="66" hits="0"/><line number="70" hits="0"/><line number="71" hits="0"/><line number="72" hits="0"/><line number="73" hits="0"/><line number="74" hits="0"/><line number="75" hits="0"/><line number="79" hits="0"/><line number="80" hits="0"/><line number="82" hits="0"/><line number="84" hits="0"/><line number="86" hits="0"/><line number="110" hits="0"/><line number="111" hits="0"/></lines></class><class name="canister_state" filename="src/mimic/core/state/src/canister_state.rs" line-rate="0" branch-rate="0" complexity="0"><methods/><lines><line number="34" hits="0"/><line number="35" hits="0"/><line number="39" hits="0"/><line number="40" hits="0"/><line number="41" hits="0"/><line number="42" hits="0"/><line number="44" hits="0"/><line number="48" hits="0"/><line number="49" hits="0"/><line number="51" hits="0"/><line number="55" hits="0"/><line number="56" hits="0"/><line number="57" hits="0"/><line number="59" hits="0"/><line number="63" hits="0"/><line number="64" hits="0"/><line number="66" hits="0"/><line number="68" hits="0"/><line number="72" hits="0"/><line number="73" hits="0"/><line number="74" hits="0"/><line number="76" hits="0"/><line number="81" hits="0"/><line number="82" hits="0"/><line number="86" hits="0"/><line number="87" hits="0"/><line number="88" hits="0"/><line number="90" hits="0"/><line number="103" hits="0"/><line number="104" hits="0"/></lines></class><class name="child_index" filename="src/mimic/core/state/src/child_index.rs" line-rate="0" branch-rate="0" complexity="0"><methods/><lines><line number="27" hits="0"/><line number="28" hits="0"/><line number="32" hits="0"/><line number="33" hits="0"/><line number="35" hits="0"/><line number="40" hits="0"/><line number="41" hits="0"/><line number="45" hits="0"/><line number="46" hits="0"/><line number="48" hits="0"/><line number="71" hits="0"/><line number="73" hits="0"/></lines></class><class name="lib" filename="src/mimic/core/state/src/lib.rs" line-rate="0" branch-rate="0" complexity="0"><methods/><lines><line number="79" hits="0"/><line number="91" hits="0"/><line number="92" hits="0"/><line number="102" hits="0"/><line number="103" hits="0"/><line number="113" hits="0"/><line number="114" hits="0"/><line number="124" hits="0"/><line number="125" hits="0"/><line number="135" hits="0"/><line number="136" hits="0"/></lines></class><class name="subnet_index" filename="src/mimic/core/state/src/subnet_index.rs" line-rate="0" branch-rate="0" complexity="0"><methods/><lines><line number="27" hits="0"/><line number="28" hits="0"/><line number="32" hits="0"/><line number="33" hits="0"/><line number="34" hits="0"/><line number="35" hits="0"/><line number="36" hits="0"/><line number="43" hits="0"/><line number="44" hits="0"/><line number="48" hits="0"/><line number="49" hits="0"/><line number="50" hits="0"/><line number="53" hits="0"/><line number="57" hits="0"/><line number="58" hits="0"/><line number="77" hits="0"/><line number="79" hits="0"/></lines></class><class name="user_index" filename="src/mimic/core/state/src/user_index.rs" line-rate="0" branch-rate="0" complexity="0"><methods/><lines><line number="47" hits="0"/><line number="48" hits="0"/><line number="53" hits="0"/><line number="54" hits="0"/><line number="58" hits="0"/><line number="59" hits="0"/><line number="60" hits="0"/><line number="62" hits="0"/><line number="66" hits="0"/><line number="67" hits="0"/><line number="68" hits="0"/><line number="69" hits="0"/><line number="71" hits="0"/><line number="73" hits="0"/><line number="78" hits="0"/><line number="79" hits="0"/><line number="82" hits="0"/><line number="83" hits="0"/><line number="87" hits="0"/><line number="88" hits="0"/><line number="89" hits="0"/><line number="93" hits="0"/><line number="95" hits="0"/><line number="99" hits="0"/><line number="100" hits="0"/><line number="103" hits="0"/><line number="104" hits="0"/><line number="108" hits="0"/><line number="109" hits="0"/><line number="110" hits="0"/><line number="114" hits="0"/><line number="116" hits="0"/><line number="137" hits="0"/><line number="138" hits="0"/><line number="142" hits="0"/><line number="143" hits="0"/><line number="164" hits="0"/><line number="174" hits="0"/></lines></class></classes></package><package name="src/mimic/orm/macros/src" line-rate="0.03680981595092025" branch-rate="0" complexity="0"><classes><class name="helper" filename="src/mimic/orm/macros/src/helper.rs" line-rate="0" branch-rate="0" complexity="0"><methods/><lines><line number="10" hits="0"/><line number="14" hits="0"/><line number="15" hits="0"/><line number="19" hits="0"/><line number="23" hits="0"/><line number="24" hits="0"/><line number="25" hits="0"/><line number="26" hits="0"/><line number="28" hits="0"/><line number="33" hits="0"/><line number="37" hits="0"/><line number="38" hits="0"/><line number="39" hits="0"/><line number="48" hits="0"/><line number="49" hits="0"/><line number="53" hits="0"/><line number="54" hits="0"/><line number="58" hits="0"/><line number="59" hits="0"/><line number="61" hits="0"/><line number="65" hits="0"/><line number="66" hits="0"/><line number="67" hits="0"/><line number="78" hits="0"/><line number="79" hits="0"/><line number="81" hits="0"/><line number="82" hits="0"/><line number="88" hits="0"/><line number="89" hits="0"/><line number="91" hits="0"/><line number="92" hits="0"/><line number="93" hits="0"/><line number="94" hits="0"/><line number="95" hits="0"/><line number="96" hits="0"/><line number="97" hits="0"/><line number="98" hits="0"/><line number="99" hits="0"/><line number="101" hits="0"/><line number="102" hits="0"/><line number="103" hits="0"/><line number="105" hits="0"/><line number="106" hits="0"/><line number="107" hits="0"/><line number="116" hits="0"/><line number="118" hits="0"/><line number="119" hits="0"/></lines></class><class name="lib" filename="src/mimic/orm/macros/src/lib.rs" line-rate="0" branch-rate="0" complexity="0"><methods/><lines><line number="25" hits="0"/><line number="26" hits="0"/><line number="28" hits="0"/><line number="29" hits="0"/><line number="30" hits="0"/><line number="33" hits="0"/><line number="34" hits="0"/><line number="35" hits="0"/><line number="40" hits="0"/><line number="41" hits="0"/><line number="42" hits="0"/><line number="43" hits="0"/><line number="44" hits="0"/><line number="48" hits="0"/><line number="50" hits="0"/></lines></class></classes></package><package name="src/mimic/orm/macros/src/node" line-rate="0.06" branch-rate="0" complexity="0"><classes><class name="arg" filename="src/mimic/orm/macros/src/node/arg.rs" line-rate="0.39344262295081966" branch-rate="0" complexity="0"><methods/><lines><line number="29" hits="1"/><line number="30" hits="4"/><line number="31" hits="1"/><line number="32" hits="1"/><line number="35" hits="1"/><line number="37" hits="0"/><line number="41" hits="1"/><line number="42" hits="2"/><line number="44" hits="2"/><line number="46" hits="0"/><line number="48" hits="1"/><line number="51" hits="1"/><line number="59" hits="0"/><line number="60" hits="0"/><line number="61" hits="0"/><line number="62" hits="0"/><line number="63" hits="0"/><line number="64" hits="0"/><line number="65" hits="0"/><line number="67" hits="0"/><line number="68" hits="0"/><line number="69" hits="0"/><line number="71" hits="0"/><line number="77" hits="0"/><line number="78" hits="0"/><line number="79" hits="0"/><line number="80" hits="0"/><line number="81" hits="0"/><line number="82" hits="0"/><line number="83" hits="0"/><line number="85" hits="0"/><line number="98" hits="0"/><line number="99" hits="0"/><line number="101" hits="0"/><line number="102" hits="0"/><line number="105" hits="0"/><line number="110" hits="0"/><line number="111" hits="0"/><line number="113" hits="0"/><line number="216" hits="0"/><line number="217" hits="0"/><line number="242" hits="3"/><line number="243" hits="1"/><line number="245" hits="3"/><line number="249" hits="7"/><line number="250" hits="4"/><line number="251" hits="1"/><line number="254" hits="3"/><line number="255" hits="4"/><line number="256" hits="4"/><line number="257" hits="4"/><line number="258" hits="2"/><line number="259" hits="4"/><line number="260" hits="4"/><line number="261" hits="4"/><line number="262" hits="4"/><line number="263" hits="0"/><line number="264" hits="0"/><line number="265" hits="0"/><line number="269" hits="1"/><line number="270" hits="0"/><line number="275" hits="3"/><line number="276" hits="3"/><line number="277" hits="2"/><line number="283" hits="4"/><line number="284" hits="4"/><line number="286" hits="2"/><line number="287" hits="1"/><line number="288" hits="4"/><line number="292" hits="1"/><line number="295" hits="0"/><line number="297" hits="1"/><line number="303" hits="1"/><line number="304" hits="1"/><line number="305" hits="0"/><line number="306" hits="1"/><line number="307" hits="1"/><line number="308" hits="1"/><line number="309" hits="1"/><line number="310" hits="1"/><line number="311" hits="0"/><line number="312" hits="1"/><line number="313" hits="1"/><line number="314" hits="1"/><line number="315" hits="1"/><line number="316" hits="1"/><line number="317" hits="0"/><line number="318" hits="0"/><line number="319" hits="0"/><line number="325" hits="0"/><line number="326" hits="0"/><line number="327" hits="0"/><line number="328" hits="0"/><line number="329" hits="0"/><line number="330" hits="0"/><line number="331" hits="0"/><line number="332" hits="0"/><line number="333" hits="0"/><line number="334" hits="0"/><line number="335" hits="0"/><line number="336" hits="0"/><line number="337" hits="0"/><line number="338" hits="0"/><line number="339" hits="0"/><line number="340" hits="0"/><line number="346" hits="0"/><line number="347" hits="0"/><line number="348" hits="0"/><line number="349" hits="0"/><line number="350" hits="0"/><line number="351" hits="0"/><line number="352" hits="0"/><line number="353" hits="0"/><line number="354" hits="0"/><line number="355" hits="0"/><line number="356" hits="0"/><line number="357" hits="0"/><line number="358" hits="0"/><line number="359" hits="0"/><line number="360" hits="0"/><line number="361" hits="0"/><line number="364" hits="0"/></lines></class><class name="canister" filename="src/mimic/orm/macros/src/node/canister.rs" line-rate="0" branch-rate="0" complexity="0"><methods/><lines><line number="30" hits="0"/><line number="31" hits="0"/><line number="34" hits="0"/><line number="35" hits="0"/><line number="36" hits="0"/><line number="43" hits="0"/><line number="45" hits="0"/><line number="50" hits="0"/><line number="51" hits="0"/><line number="56" hits="0"/><line number="57" hits="0"/><line number="58" hits="0"/><line number="59" hits="0"/><line number="60" hits="0"/><line number="62" hits="0"/><line number="74" hits="0"/><line number="75" hits="0"/><line number="78" hits="0"/><line number="79" hits="0"/><line number="97" hits="0"/><line number="98" hits="0"/><line number="99" hits="0"/><line number="100" hits="0"/><line number="101" hits="0"/><line number="103" hits="0"/><line number="104" hits="0"/><line number="105" hits="0"/><line number="121" hits="0"/><line number="122" hits="0"/><line number="124" hits="0"/></lines></class><class name="constant" filename="src/mimic/orm/macros/src/node/constant.rs" line-rate="0" branch-rate="0" complexity="0"><methods/><lines><line number="25" hits="0"/><line number="26" hits="0"/><line number="27" hits="0"/><line number="30" hits="0"/><line number="31" hits="0"/><line number="38" hits="0"/><line number="40" hits="0"/><line number="45" hits="0"/><line number="46" hits="0"/><line number="51" hits="0"/><line number="52" hits="0"/><line number="54" hits="0"/></lines></class><class name="def" filename="src/mimic/orm/macros/src/node/def.rs" line-rate="0" branch-rate="0" complexity="0"><methods/><lines><line number="21" hits="0"/><line number="23" hits="0"/><line number="24" hits="0"/><line number="25" hits="0"/><line number="31" hits="0"/><line number="32" hits="0"/><line number="33" hits="0"/><line number="35" hits="0"/></lines></class><class name="entity" filename="src/mimic/orm/macros/src/node/entity.rs" line-rate="0" branch-rate="0" complexity="0"><methods/><lines><line number="46" hits="0"/><line number="47" hits="0"/><line number="48" hits="0"/><line number="51" hits="0"/><line number="52" hits="0"/><line number="53" hits="0"/><line number="54" hits="0"/><line number="64" hits="0"/><line number="66" hits="0"/><line number="71" hits="0"/><line number="77" hits="0"/><line number="78" hits="0"/><line number="79" hits="0"/><line number="80" hits="0"/><line number="81" hits="0"/><line number="82" hits="0"/><line number="83" hits="0"/><line number="84" hits="0"/><line number="85" hits="0"/><line number="86" hits="0"/><line number="89" hits="0"/><line number="92" hits="0"/><line number="93" hits="0"/><line number="94" hits="0"/><line number="95" hits="0"/><line number="99" hits="0"/><line number="100" hits="0"/><line number="101" hits="0"/><line number="102" hits="0"/><line number="103" hits="0"/><line number="104" hits="0"/><line number="105" hits="0"/><line number="106" hits="0"/><line number="108" hits="0"/><line number="114" hits="0"/><line number="115" hits="0"/><line number="116" hits="0"/><line number="117" hits="0"/><line number="118" hits="0"/><line number="119" hits="0"/><line number="120" hits="0"/><line number="121" hits="0"/><line number="123" hits="0"/></lines></class><class name="enum" filename="src/mimic/orm/macros/src/node/enum.rs" line-rate="0" branch-rate="0" complexity="0"><methods/><lines><line number="36" hits="0"/><line number="37" hits="0"/><line number="40" hits="0"/><line number="41" hits="0"/><line number="46" hits="0"/><line number="47" hits="0"/><line number="48" hits="0"/><line number="51" hits="0"/><line number="52" hits="0"/><line number="54" hits="0"/><line number="58" hits="0"/><line number="59" hits="0"/><line number="60" hits="0"/><line number="61" hits="0"/><line number="62" hits="0"/><line number="74" hits="0"/><line number="76" hits="0"/><line number="81" hits="0"/><line number="87" hits="0"/><line number="88" hits="0"/><line number="89" hits="0"/><line number="92" hits="0"/><line number="93" hits="0"/><line number="95" hits="0"/><line number="96" hits="0"/><line number="99" hits="0"/><line number="102" hits="0"/><line number="103" hits="0"/><line number="104" hits="0"/><line number="105" hits="0"/><line number="106" hits="0"/><line number="108" hits="0"/><line number="114" hits="0"/><line number="115" hits="0"/><line number="116" hits="0"/><line number="118" hits="0"/><line number="149" hits="0"/><line number="150" hits="0"/><line number="152" hits="0"/><line number="153" hits="0"/><line number="157" hits="0"/><line number="158" hits="0"/><line number="159" hits="0"/><line number="162" hits="0"/><line number="167" hits="0"/><line number="168" hits="0"/><line number="174" hits="0"/><line number="179" hits="0"/><line number="184" hits="0"/><line number="186" hits="0"/><line number="188" hits="0"/><line number="189" hits="0"/><line number="190" hits="0"/><line number="192" hits="0"/></lines></class><class name="enum_hash" filename="src/mimic/orm/macros/src/node/enum_hash.rs" line-rate="0" branch-rate="0" complexity="0"><methods/><lines><line number="33" hits="0"/><line number="34" hits="0"/><line number="35" hits="0"/><line number="38" hits="0"/><line number="39" hits="0"/><line number="40" hits="0"/><line number="41" hits="0"/><line number="42" hits="0"/><line number="53" hits="0"/><line number="55" hits="0"/><line number="60" hits="0"/><line number="66" hits="0"/><line number="67" hits="0"/><line number="68" hits="0"/><line number="70" hits="0"/><line number="80" hits="0"/><line number="81" hits="0"/><line number="82" hits="0"/><line number="84" hits="0"/><line number="87" hits="0"/><line number="88" hits="0"/><line number="89" hits="0"/><line number="91" hits="0"/></lines></class><class name="field" filename="src/mimic/orm/macros/src/node/field.rs" line-rate="0" branch-rate="0" complexity="0"><methods/><lines><line number="28" hits="0"/><line number="29" hits="0"/><line number="34" hits="0"/><line number="35" hits="0"/><line number="36" hits="0"/><line number="38" hits="0"/><line number="48" hits="0"/><line number="49" hits="0"/><line number="51" hits="0"/><line number="68" hits="0"/><line number="69" hits="0"/><line number="70" hits="0"/><line number="72" hits="0"/><line number="82" hits="0"/><line number="83" hits="0"/><line number="84" hits="0"/><line number="87" hits="0"/><line number="106" hits="0"/><line number="107" hits="0"/><line number="108" hits="0"/><line number="110" hits="0"/><line number="120" hits="0"/><line number="121" hits="0"/><line number="122" hits="0"/><line number="125" hits="0"/></lines></class><class name="fixture" filename="src/mimic/orm/macros/src/node/fixture.rs" line-rate="0" branch-rate="0" complexity="0"><methods/><lines><line number="35" hits="0"/><line number="36" hits="0"/><line number="37" hits="0"/><line number="40" hits="0"/><line number="41" hits="0"/><line number="42" hits="0"/><line number="43" hits="0"/><line number="44" hits="0"/><line number="55" hits="0"/><line number="57" hits="0"/><line number="62" hits="0"/><line number="68" hits="0"/><line number="69" hits="0"/><line number="70" hits="0"/><line number="71" hits="0"/><line number="73" hits="0"/><line number="84" hits="0"/><line number="85" hits="0"/><line number="86" hits="0"/><line number="88" hits="0"/><line number="91" hits="0"/><line number="92" hits="0"/></lines></class><class name="guide" filename="src/mimic/orm/macros/src/node/guide.rs" line-rate="0" branch-rate="0" complexity="0"><methods/><lines><line number="22" hits="0"/><line number="23" hits="0"/><line number="25" hits="0"/><line number="46" hits="0"/><line number="48" hits="0"/><line number="49" hits="0"/><line number="51" hits="0"/></lines></class><class name="item" filename="src/mimic/orm/macros/src/node/item.rs" line-rate="0" branch-rate="0" complexity="0"><methods/><lines><line number="25" hits="0"/><line number="26" hits="0"/><line number="31" hits="0"/><line number="32" hits="0"/><line number="33" hits="0"/><line number="34" hits="0"/><line number="40" hits="0"/><line number="41" hits="0"/><line number="42" hits="0"/><line number="43" hits="0"/><line number="59" hits="0"/><line number="60" hits="0"/><line number="63" hits="0"/><line number="65" hits="0"/><line number="67" hits="0"/><line number="73" hits="0"/><line number="74" hits="0"/><line number="76" hits="0"/><line number="85" hits="0"/><line number="86" hits="0"/><line number="88" hits="0"/><line number="102" hits="0"/><line number="103" hits="0"/><line number="104" hits="0"/><line number="107" hits="0"/><line number="109" hits="0"/><line number="111" hits="0"/><line number="117" hits="0"/><line number="118" hits="0"/><line number="120" hits="0"/><line number="129" hits="0"/><line number="130" hits="0"/><line number="132" hits="0"/></lines></class><class name="map" filename="src/mimic/orm/macros/src/node/map.rs" line-rate="0" branch-rate="0" complexity="0"><methods/><lines><line number="34" hits="0"/><line number="35" hits="0"/><line number="38" hits="0"/><line number="39" hits="0"/><line number="40" hits="0"/><line number="41" hits="0"/><line number="49" hits="0"/><line number="51" hits="0"/><line number="56" hits="0"/><line number="57" hits="0"/><line number="62" hits="0"/><line number="63" hits="0"/><line number="64" hits="0"/><line number="65" hits="0"/><line number="66" hits="0"/><line number="67" hits="0"/><line number="68" hits="0"/><line number="69" hits="0"/><line number="72" hits="0"/><line number="75" hits="0"/><line number="76" hits="0"/><line number="77" hits="0"/><line number="78" hits="0"/><line number="80" hits="0"/><line number="86" hits="0"/><line number="87" hits="0"/><line number="88" hits="0"/><line number="89" hits="0"/><line number="90" hits="0"/><line number="92" hits="0"/><line number="104" hits="0"/><line number="105" hits="0"/><line number="106" hits="0"/><line number="108" hits="0"/></lines></class><class name="mod" filename="src/mimic/orm/macros/src/node/mod.rs" line-rate="0" branch-rate="0" complexity="0"><methods/><lines><line number="86" hits="0"/><line number="87" hits="0"/><line number="88" hits="0"/><line number="90" hits="0"/><line number="91" hits="0"/><line number="92" hits="0"/><line number="93" hits="0"/><line number="94" hits="0"/><line number="95" hits="0"/><line number="113" hits="0"/><line number="114" hits="0"/><line number="117" hits="0"/><line number="118" hits="0"/><line number="119" hits="0"/><line number="120" hits="0"/><line number="125" hits="0"/><line number="126" hits="0"/><line number="128" hits="0"/><line number="129" hits="0"/><line number="136" hits="0"/><line number="137" hits="0"/><line number="140" hits="0"/><line number="141" hits="0"/><line number="142" hits="0"/><line number="146" hits="0"/><line number="151" hits="0"/><line number="152" hits="0"/><line number="157" hits="0"/><line number="158" hits="0"/><line number="160" hits="0"/><line number="161" hits="0"/><line number="164" hits="0"/><line number="190" hits="0"/><line number="191" hits="0"/><line number="192" hits="0"/><line number="193" hits="0"/><line number="194" hits="0"/><line number="195" hits="0"/><line number="196" hits="0"/><line number="219" hits="0"/><line number="220" hits="0"/><line number="221" hits="0"/><line number="222" hits="0"/><line number="224" hits="0"/></lines></class><class name="newtype" filename="src/mimic/orm/macros/src/node/newtype.rs" line-rate="0" branch-rate="0" complexity="0"><methods/><lines><line number="45" hits="0"/><line number="46" hits="0"/><line number="48" hits="0"/><line number="52" hits="0"/><line number="53" hits="0"/><line number="54" hits="0"/><line number="55" hits="0"/><line number="63" hits="0"/><line number="65" hits="0"/><line number="70" hits="0"/><line number="71" hits="0"/><line number="76" hits="0"/><line number="77" hits="0"/><line number="78" hits="0"/><line number="79" hits="0"/><line number="80" hits="0"/><line number="81" hits="0"/><line number="82" hits="0"/><line number="83" hits="0"/><line number="84" hits="0"/><line number="87" hits="0"/><line number="89" hits="0"/><line number="95" hits="0"/><line number="96" hits="0"/><line number="100" hits="0"/><line number="102" hits="0"/><line number="103" hits="0"/><line number="104" hits="0"/><line number="105" hits="0"/><line number="106" hits="0"/><line number="107" hits="0"/><line number="108" hits="0"/><line number="109" hits="0"/><line number="110" hits="0"/><line number="111" hits="0"/><line number="112" hits="0"/><line number="113" hits="0"/><line number="114" hits="0"/><line number="118" hits="0"/><line number="123" hits="0"/><line number="126" hits="0"/><line number="127" hits="0"/><line number="129" hits="0"/><line number="130" hits="0"/><line number="134" hits="0"/><line number="135" hits="0"/><line number="136" hits="0"/><line number="137" hits="0"/><line number="138" hits="0"/><line number="139" hits="0"/><line number="140" hits="0"/><line number="141" hits="0"/><line number="142" hits="0"/><line number="143" hits="0"/><line number="144" hits="0"/><line number="145" hits="0"/><line number="146" hits="0"/><line number="147" hits="0"/><line number="148" hits="0"/><line number="150" hits="0"/><line number="156" hits="0"/><line number="157" hits="0"/><line number="158" hits="0"/><line number="159" hits="0"/><line number="160" hits="0"/><line number="161" hits="0"/><line number="162" hits="0"/><line number="164" hits="0"/></lines></class><class name="permission" filename="src/mimic/orm/macros/src/node/permission.rs" line-rate="0" branch-rate="0" complexity="0"><methods/><lines><line number="24" hits="0"/><line number="25" hits="0"/><line number="28" hits="0"/><line number="29" hits="0"/><line number="30" hits="0"/><line number="37" hits="0"/><line number="39" hits="0"/><line number="44" hits="0"/><line number="50" hits="0"/><line number="51" hits="0"/><line number="53" hits="0"/><line number="62" hits="0"/><line number="63" hits="0"/><line number="66" hits="0"/><line number="67" hits="0"/></lines></class><class name="primitive" filename="src/mimic/orm/macros/src/node/primitive.rs" line-rate="0" branch-rate="0" complexity="0"><methods/><lines><line number="29" hits="0"/><line number="30" hits="0"/><line number="31" hits="0"/><line number="34" hits="0"/><line number="35" hits="0"/><line number="41" hits="0"/><line number="43" hits="0"/><line number="48" hits="0"/><line number="54" hits="0"/><line number="55" hits="0"/><line number="56" hits="0"/><line number="57" hits="0"/><line number="59" hits="0"/></lines></class><class name="record" filename="src/mimic/orm/macros/src/node/record.rs" line-rate="0" branch-rate="0" complexity="0"><methods/><lines><line number="30" hits="0"/><line number="31" hits="0"/><line number="32" hits="0"/><line number="35" hits="0"/><line number="36" hits="0"/><line number="37" hits="0"/><line number="38" hits="0"/><line number="48" hits="0"/><line number="50" hits="0"/><line number="55" hits="0"/><line number="61" hits="0"/><line number="62" hits="0"/><line number="63" hits="0"/><line number="65" hits="0"/><line number="75" hits="0"/><line number="76" hits="0"/><line number="77" hits="0"/><line number="79" hits="0"/><line number="82" hits="0"/><line number="83" hits="0"/><line number="84" hits="0"/><line number="85" hits="0"/><line number="89" hits="0"/><line number="90" hits="0"/><line number="91" hits="0"/><line number="92" hits="0"/><line number="93" hits="0"/><line number="94" hits="0"/><line number="96" hits="0"/></lines></class><class name="role" filename="src/mimic/orm/macros/src/node/role.rs" line-rate="0" branch-rate="0" complexity="0"><methods/><lines><line number="32" hits="0"/><line number="33" hits="0"/><line number="36" hits="0"/><line number="37" hits="0"/><line number="38" hits="0"/><line number="45" hits="0"/><line number="47" hits="0"/><line number="52" hits="0"/><line number="58" hits="0"/><line number="59" hits="0"/><line number="60" hits="0"/><line number="61" hits="0"/><line number="63" hits="0"/><line number="74" hits="0"/><line number="75" hits="0"/><line number="78" hits="0"/><line number="79" hits="0"/></lines></class><class name="sanitizer" filename="src/mimic/orm/macros/src/node/sanitizer.rs" line-rate="0" branch-rate="0" complexity="0"><methods/><lines><line number="24" hits="0"/><line number="25" hits="0"/><line number="28" hits="0"/><line number="29" hits="0"/><line number="30" hits="0"/><line number="37" hits="0"/><line number="39" hits="0"/><line number="44" hits="0"/><line number="50" hits="0"/><line number="51" hits="0"/><line number="53" hits="0"/><line number="62" hits="0"/><line number="63" hits="0"/><line number="66" hits="0"/><line number="67" hits="0"/></lines></class><class name="sort_key" filename="src/mimic/orm/macros/src/node/sort_key.rs" line-rate="0" branch-rate="0" complexity="0"><methods/><lines><line number="21" hits="0"/><line number="22" hits="0"/><line number="23" hits="0"/><line number="25" hits="0"/></lines></class><class name="store" filename="src/mimic/orm/macros/src/node/store.rs" line-rate="0" branch-rate="0" complexity="0"><methods/><lines><line number="32" hits="0"/><line number="33" hits="0"/><line number="36" hits="0"/><line number="37" hits="0"/><line number="38" hits="0"/><line number="45" hits="0"/><line number="47" hits="0"/><line number="52" hits="0"/><line number="58" hits="0"/><line number="59" hits="0"/><line number="60" hits="0"/><line number="61" hits="0"/><line number="62" hits="0"/><line number="64" hits="0"/><line number="76" hits="0"/><line number="77" hits="0"/><line number="80" hits="0"/><line number="81" hits="0"/></lines></class><class name="traits" filename="src/mimic/orm/macros/src/node/traits.rs" line-rate="0" branch-rate="0" complexity="0"><methods/><lines><line number="94" hits="0"/><line number="95" hits="0"/><line number="96" hits="0"/><line number="97" hits="0"/><line number="98" hits="0"/><line number="103" hits="0"/><line number="104" hits="0"/><line number="105" hits="0"/><line number="106" hits="0"/><line number="107" hits="0"/><line number="112" hits="0"/><line number="113" hits="0"/><line number="114" hits="0"/><line number="115" hits="0"/><line number="116" hits="0"/><line number="117" hits="0"/><line number="118" hits="0"/><line number="119" hits="0"/><line number="120" hits="0"/><line number="121" hits="0"/><line number="122" hits="0"/><line number="128" hits="0"/><line number="129" hits="0"/><line number="139" hits="0"/><line number="141" hits="0"/><line number="142" hits="0"/><line number="143" hits="0"/><line number="144" hits="0"/><line number="145" hits="0"/><line number="146" hits="0"/><line number="147" hits="0"/><line number="148" hits="0"/><line number="149" hits="0"/><line number="150" hits="0"/><line number="151" hits="0"/><line number="152" hits="0"/><line number="153" hits="0"/><line number="154" hits="0"/><line number="155" hits="0"/><line number="156" hits="0"/><line number="157" hits="0"/><line number="158" hits="0"/><line number="159" hits="0"/><line number="160" hits="0"/><line number="161" hits="0"/><line number="162" hits="0"/><line number="163" hits="0"/><line number="164" hits="0"/><line number="165" hits="0"/><line number="166" hits="0"/><line number="168" hits="0"/><line number="174" hits="0"/><line number="175" hits="0"/><line number="176" hits="0"/><line number="177" hits="0"/><line number="179" hits="0"/><line number="182" hits="0"/><line number="190" hits="0"/><line number="191" hits="0"/><line number="193" hits="0"/><line number="217" hits="0"/><line number="218" hits="0"/><line number="219" hits="0"/><line number="223" hits="0"/><line number="224" hits="0"/><line number="228" hits="0"/><line number="229" hits="0"/><line number="230" hits="0"/><line number="236" hits="0"/><line number="237" hits="0"/><line number="240" hits="0"/><line number="241" hits="0"/><line number="245" hits="0"/><line number="246" hits="0"/><line number="253" hits="0"/><line number="254" hits="0"/><line number="256" hits="0"/><line number="269" hits="0"/><line number="270" hits="0"/><line number="275" hits="0"/><line number="276" hits="0"/><line number="278" hits="0"/><line number="279" hits="0"/><line number="280" hits="0"/><line number="283" hits="0"/><line number="295" hits="0"/><line number="296" hits="0"/><line number="298" hits="0"/><line number="299" hits="0"/><line number="300" hits="0"/><line number="303" hits="0"/></lines></class><class name="tuple" filename="src/mimic/orm/macros/src/node/tuple.rs" line-ra
[...]
4" hits="0"/><line number="25" hits="0"/><line number="26" hits="0"/><line number="27" hits="0"/><line number="28" hits="0"/><line number="33" hits="0"/><line number="34" hits="0"/><line number="35" hits="0"/><line number="36" hits="0"/></lines></class></classes></package><package name="src/mimic_base/src/validator" line-rate="0.16447368421052633" branch-rate="0" complexity="0"><classes><class name="bytes" filename="src/mimic_base/src/validator/bytes.rs" line-rate="0" branch-rate="0" complexity="0"><methods/><lines><line number="24" hits="0"/><line number="25" hits="0"/><line number="26" hits="0"/><line number="27" hits="0"/></lines></class><class name="color" filename="src/mimic_base/src/validator/color.rs" line-rate="0" branch-rate="0" complexity="0"><methods/><lines><line number="25" hits="0"/><line number="26" hits="0"/><line number="28" hits="0"/><line number="29" hits="0"/><line number="31" hits="0"/><line number="44" hits="0"/><line number="45" hits="0"/><line number="47" hits="0"/><line number="48" hits="0"/><line number="50" hits="0"/></lines></class><class name="iso" filename="src/mimic_base/src/validator/iso.rs" line-rate="1" branch-rate="0" complexity="0"><methods/><lines><line number="24" hits="1"/><line number="25" hits="4"/><line number="26" hits="1"/><line number="28" hits="1"/></lines></class><class name="len" filename="src/mimic_base/src/validator/len.rs" line-rate="0" branch-rate="0" complexity="0"><methods/><lines><line number="30" hits="0"/><line number="31" hits="0"/><line number="36" hits="0"/><line number="37" hits="0"/><line number="42" hits="0"/><line number="43" hits="0"/><line number="48" hits="0"/><line number="49" hits="0"/><line number="61" hits="0"/><line number="62" hits="0"/><line number="63" hits="0"/><line number="65" hits="0"/><line number="66" hits="0"/><line number="68" hits="0"/><line number="81" hits="0"/><line number="82" hits="0"/><line number="83" hits="0"/><line number="85" hits="0"/><line number="86" hits="0"/><line number="88" hits="0"/><line number="101" hits="0"/><line number="102" hits="0"/><line number="103" hits="0"/><line number="105" hits="0"/><line number="106" hits="0"/><line number="108" hits="0"/><line number="121" hits="0"/><line number="122" hits="0"/><line number="123" hits="0"/><line number="124" hits="0"/><line number="126" hits="0"/><line number="127" hits="0"/><line number="128" hits="0"/><line number="129" hits="0"/><line number="131" hits="0"/></lines></class><class name="number" filename="src/mimic_base/src/validator/number.rs" line-rate="0.35" branch-rate="0" complexity="0"><methods/><lines><line number="49" hits="2"/><line number="54" hits="2"/><line number="56" hits="3"/><line number="57" hits="1"/><line number="59" hits="1"/><line number="60" hits="1"/><line number="61" hits="1"/><line number="75" hits="2"/><line number="80" hits="2"/><line number="82" hits="3"/><line number="83" hits="1"/><line number="85" hits="1"/><line number="86" hits="1"/><line number="87" hits="1"/><line number="106" hits="0"/><line number="108" hits="0"/><line number="109" hits="0"/><line number="111" hits="0"/><line number="112" hits="0"/><line number="113" hits="0"/><line number="132" hits="0"/><line number="134" hits="0"/><line number="135" hits="0"/><line number="137" hits="0"/><line number="138" hits="0"/><line number="139" hits="0"/><line number="153" hits="2"/><line number="158" hits="2"/><line number="160" hits="3"/><line number="161" hits="1"/><line number="163" hits="1"/><line number="164" hits="1"/><line number="165" hits="1"/><line number="184" hits="0"/><line number="186" hits="0"/><line number="187" hits="0"/><line number="188" hits="0"/><line number="189" hits="0"/><line number="192" hits="0"/><line number="205" hits="0"/><line number="210" hits="0"/><line number="211" hits="0"/><line number="213" hits="0"/><line number="214" hits="0"/><line number="216" hits="0"/><line number="217" hits="0"/><line number="218" hits="0"/><line number="219" hits="0"/><line number="233" hits="0"/><line number="238" hits="0"/><line number="239" hits="0"/><line number="241" hits="0"/><line number="242" hits="0"/><line number="244" hits="0"/><line number="245" hits="0"/><line number="246" hits="0"/><line number="265" hits="0"/><line number="267" hits="0"/><line number="268" hits="0"/><line number="270" hits="0"/></lines></class></classes></package><package name="src/mimic_base/src/canister" line-rate="0" branch-rate="0" complexity="0"><classes></classes></package><package name="src/benches" line-rate="0" branch-rate="0" complexity="0"><classes></classes></package><package name="src/mimic/cli/src" line-rate="0" branch-rate="0" complexity="0"><classes><class name="lib" filename="src/mimic/cli/src/lib.rs" line-rate="0" branch-rate="0" complexity="0"><methods/><lines><line number="34" hits="0"/><line number="35" hits="0"/><line number="38" hits="0"/><line number="39" hits="0"/><line number="40" hits="0"/><line number="41" hits="0"/><line number="46" hits="0"/><line number="47" hits="0"/><line number="48" hits="0"/></lines></class></classes></package><package name="src/mimic/lib/test/src" line-rate="0" branch-rate="0" complexity="0"><classes></classes></package><package name="src/mimic/orm/schema/src/helper" line-rate="0" branch-rate="0" complexity="0"><classes><class name="mod" filename="src/mimic/orm/schema/src/helper/mod.rs" line-rate="0" branch-rate="0" complexity="0"><methods/><lines><line number="23" hits="0"/><line number="24" hits="0"/><line number="25" hits="0"/><line number="28" hits="0"/><line number="29" hits="0"/><line number="30" hits="0"/><line number="34" hits="0"/></lines></class><class name="reserved" filename="src/mimic/orm/schema/src/helper/reserved.rs" line-rate="0" branch-rate="0" complexity="0"><methods/><lines><line number="5" hits="0"/><line number="6" hits="0"/><line number="14" hits="0"/><line number="15" hits="0"/><line number="17" hits="0"/><line number="18" hits="0"/><line number="20" hits="0"/><line number="23" hits="0"/><line number="24" hits="0"/><line number="27" hits="0"/><line number="29" hits="0"/><line number="39" hits="0"/><line number="40" hits="0"/><line number="42" hits="0"/><line number="43" hits="0"/><line number="45" hits="0"/><line number="48" hits="0"/><line number="49" hits="0"/><line number="52" hits="0"/><line number="87" hits="0"/><line number="95" hits="0"/><line number="98" hits="0"/><line number="99" hits="0"/><line number="103" hits="0"/><line number="186" hits="0"/><line number="253" hits="0"/></lines></class></classes></package><package name="src/mimic_base/src/validator/string" line-rate="0" branch-rate="0" complexity="0"><classes><class name="case" filename="src/mimic_base/src/validator/string/case.rs" line-rate="0" branch-rate="0" complexity="0"><methods/><lines><line number="45" hits="0"/><line number="46" hits="0"/><line number="48" hits="0"/><line number="49" hits="0"/><line number="51" hits="0"/><line number="64" hits="0"/><line number="65" hits="0"/><line number="67" hits="0"/><line number="68" hits="0"/><line number="70" hits="0"/><line number="83" hits="0"/><line number="84" hits="0"/><line number="86" hits="0"/><line number="87" hits="0"/><line number="89" hits="0"/><line number="102" hits="0"/><line number="103" hits="0"/><line number="105" hits="0"/><line number="106" hits="0"/><line number="108" hits="0"/><line number="121" hits="0"/><line number="122" hits="0"/><line number="124" hits="0"/><line number="125" hits="0"/><line number="127" hits="0"/><line number="140" hits="0"/><line number="141" hits="0"/><line number="143" hits="0"/><line number="144" hits="0"/><line number="146" hits="0"/><line number="159" hits="0"/><line number="160" hits="0"/><line number="162" hits="0"/><line number="163" hits="0"/><line number="165" hits="0"/></lines></class><class name="mod" filename="src/mimic_base/src/validator/string/mod.rs" line-rate="0" branch-rate="0" complexity="0"><methods/><lines><line number="24" hits="0"/><line number="25" hits="0"/><line number="26" hits="0"/><line number="28" hits="0"/></lines></class></classes></package><package name="src/mimic_derive/src" line-rate="0" branch-rate="0" complexity="0"><classes><class name="lib" filename="src/mimic_derive/src/lib.rs" line-rate="0" branch-rate="0" complexity="0"><methods/><lines><line number="12" hits="0"/><line number="13" hits="0"/><line number="14" hits="0"/><line number="16" hits="0"/><line number="31" hits="0"/></lines></class></classes></package><package name="src/mimic/ic/src" line-rate="0" branch-rate="0" complexity="0"><classes><class name="helper" filename="src/mimic/ic/src/helper.rs" line-rate="0" branch-rate="0" complexity="0"><methods/><lines><line number="5" hits="0"/><line number="6" hits="0"/><line number="7" hits="0"/><line number="9" hits="0"/></lines></class><class name="lib" filename="src/mimic/ic/src/lib.rs" line-rate="0" branch-rate="0" complexity="0"><methods/><lines><line number="30" hits="0"/><line number="31" hits="0"/></lines></class></classes></package><package name="src/mimic/lib/time/src" line-rate="0.8571428571428571" branch-rate="0" complexity="0"><classes><class name="lib" filename="src/mimic/lib/time/src/lib.rs" line-rate="0.8571428571428571" branch-rate="0" complexity="0"><methods/><lines><line number="14" hits="2"/><line number="21" hits="2"/><line number="39" hits="1"/><line number="46" hits="1"/><line number="51" hits="1"/><line number="52" hits="1"/><line number="53" hits="0"/></lines></class></classes></package><package name="src/mimic/orm/src/collections" line-rate="0" branch-rate="0" complexity="0"><classes><class name="hashmap" filename="src/mimic/orm/src/collections/hashmap.rs" line-rate="0" branch-rate="0" complexity="0"><methods/><lines><line number="33" hits="0"/><line number="34" hits="0"/><line number="43" hits="0"/><line number="47" hits="0"/><line number="48" hits="0"/><line number="68" hits="0"/><line number="69" hits="0"/><line number="72" hits="0"/><line number="76" hits="0"/><line number="77" hits="0"/><line number="78" hits="0"/><line number="80" hits="0"/><line number="88" hits="0"/><line number="89" hits="0"/></lines></class><class name="hashset" filename="src/mimic/orm/src/collections/hashset.rs" line-rate="0" branch-rate="0" complexity="0"><methods/><lines><line number="25" hits="0"/><line number="26" hits="0"/><line number="37" hits="0"/><line number="38" hits="0"/><line number="46" hits="0"/><line number="47" hits="0"/><line number="58" hits="0"/><line number="59" hits="0"/></lines></class></classes></package><package name="src/mimic/lib/case/src" line-rate="0.7454545454545455" branch-rate="0" complexity="0"><classes><class name="constant" filename="src/mimic/lib/case/src/constant.rs" line-rate="1" branch-rate="0" complexity="0"><methods/><lines><line number="4" hits="1"/><line number="5" hits="1"/><line number="6" hits="3"/><line number="8" hits="2"/><line number="13" hits="1"/><line number="16" hits="2"/><line number="18" hits="1"/><line number="21" hits="1"/></lines></class><class name="lib" filename="src/mimic/lib/case/src/lib.rs" line-rate="0" branch-rate="0" complexity="0"><methods/><lines><line number="45" hits="0"/><line number="48" hits="0"/><line number="50" hits="0"/><line number="51" hits="0"/><line number="54" hits="0"/><line number="55" hits="0"/><line number="56" hits="0"/><line number="57" hits="0"/><line number="60" hits="0"/><line number="61" hits="0"/><line number="62" hits="0"/><line number="63" hits="0"/><line number="68" hits="0"/><line number="69" hits="0"/></lines></class><class name="snake" filename="src/mimic/lib/case/src/snake.rs" line-rate="1" branch-rate="0" complexity="0"><methods/><lines><line number="4" hits="1"/><line number="5" hits="1"/><line number="6" hits="1"/><line number="7" hits="1"/><line number="9" hits="3"/><line number="10" hits="2"/><line number="11" hits="2"/><line number="12" hits="1"/><line number="14" hits="2"/><line number="15" hits="1"/><line number="16" hits="1"/><line number="17" hits="4"/><line number="18" hits="1"/><line number="19" hits="2"/><line number="21" hits="1"/><line number="22" hits="1"/><line number="24" hits="1"/><line number="25" hits="1"/><line number="26" hits="1"/><line number="30" hits="1"/></lines></class><class name="title" filename="src/mimic/lib/case/src/title.rs" line-rate="1" branch-rate="0" complexity="0"><methods/><lines><line number="2" hits="1"/><line number="4" hits="1"/><line number="7" hits="1"/><line number="10" hits="2"/><line number="12" hits="3"/><line number="15" hits="2"/><line number="16" hits="2"/><line number="17" hits="2"/><line number="18" hits="2"/><line number="19" hits="1"/><line number="21" hits="1"/><line number="25" hits="2"/><line number="29" hits="2"/></lines></class></classes></package><package name="src/examples" line-rate="0" branch-rate="0" complexity="0"><classes></classes></package><package name="src/mimic/orm/src" line-rate="0.036585365853658534" branch-rate="0" complexity="0"><classes><class name="lib" filename="src/mimic/orm/src/lib.rs" line-rate="0" branch-rate="0" complexity="0"><methods/><lines><line number="34" hits="0"/><line number="36" hits="0"/><line number="47" hits="0"/><line number="51" hits="0"/><line number="55" hits="0"/><line number="59" hits="0"/><line number="63" hits="0"/><line number="64" hits="0"/><line number="66" hits="0"/><line number="70" hits="0"/><line number="71" hits="0"/><line number="72" hits="0"/><line number="74" hits="0"/><line number="77" hits="0"/></lines></class><class name="traits" filename="src/mimic/orm/src/traits.rs" line-rate="0.15789473684210525" branch-rate="0" complexity="0"><methods/><lines><line number="56" hits="0"/><line number="57" hits="0"/><line number="61" hits="0"/><line number="62" hits="0"/><line number="63" hits="0"/><line number="68" hits="0"/><line number="69" hits="0"/><line number="99" hits="0"/><line number="100" hits="0"/><line number="117" hits="0"/><line number="118" hits="0"/><line number="131" hits="0"/><line number="132" hits="0"/><line number="142" hits="0"/><line number="143" hits="0"/><line number="145" hits="0"/><line number="148" hits="0"/><line number="149" hits="0"/><line number="152" hits="0"/><line number="171" hits="0"/><line number="172" hits="0"/><line number="176" hits="104"/><line number="177" hits="104"/><line number="203" hits="0"/><line number="204" hits="0"/><line number="205" hits="0"/><line number="208" hits="0"/><line number="218" hits="0"/><line number="231" hits="1"/><line number="232" hits="1"/><line number="233" hits="2"/><line number="234" hits="1"/><line number="236" hits="1"/><line number="239" hits="1"/><line number="240" hits="1"/><line number="254" hits="0"/><line number="255" hits="0"/><line number="266" hits="0"/><line number="267" hits="0"/><line number="296" hits="0"/><line number="297" hits="0"/><line number="301" hits="0"/><line number="302" hits="0"/><line number="303" hits="0"/><line number="304" hits="0"/><line number="306" hits="0"/><line number="318" hits="0"/><line number="319" hits="0"/><line number="322" hits="0"/><line number="323" hits="0"/><line number="409" hits="0"/><line number="410" hits="0"/><line number="454" hits="0"/><line number="455" hits="0"/><line number="456" hits="0"/><line number="458" hits="0"/><line number="461" hits="0"/></lines></class><class name="types" filename="src/mimic/orm/src/types.rs" line-rate="0" branch-rate="0" complexity="0"><methods/><lines><line number="36" hits="0"/><line number="37" hits="0"/><line number="38" hits="0"/><line number="39" hits="0"/><line number="40" hits="0"/><line number="59" hits="0"/><line number="60" hits="0"/><line number="61" hits="0"/><line number="62" hits="0"/><line number="63" hits="0"/><line number="90" hits="0"/><line number="96" hits="0"/><line number="97" hits="0"/><line number="98" hits="0"/><line number="99" hits="0"/><line number="100" hits="0"/><line number="102" hits="0"/><line number="108" hits="0"/><line number="109" hits="0"/><line number="110" hits="0"/><line number="115" hits="0"/><line number="116" hits="0"/><line number="117" hits="0"/><line number="123" hits="0"/><line number="124" hits="0"/><line number="125" hits="0"/><line number="126" hits="0"/><line number="128" hits="0"/><line number="129" hits="0"/><line number="130" hits="0"/><line number="131" hits="0"/><line number="133" hits="0"/><line number="135" hits="0"/><line number="139" hits="0"/><line number="141" hits="0"/><line number="143" hits="0"/><line number="144" hits="0"/><line number="145" hits="0"/><line number="146" hits="0"/><line number="147" hits="0"/><line number="148" hits="0"/><line number="149" hits="0"/><line number="154" hits="0"/><line number="189" hits="0"/><line number="190" hits="0"/><line number="194" hits="0"/><line number="195" hits="0"/><line number="196" hits="0"/><line number="197" hits="0"/><line number="198" hits="0"/><line number="199" hits="0"/><line number="210" hits="0"/><line number="211" hits="0"/><line number="216" hits="0"/><line number="217" hits="0"/><line number="218" hits="0"/><line number="219" hits="0"/><line number="220" hits="0"/><line number="221" hits="0"/><line number="222" hits="0"/><line number="223" hits="0"/><line number="224" hits="0"/><line number="225" hits="0"/><line number="226" hits="0"/><line number="227" hits="0"/><line number="228" hits="0"/><line number="229" hits="0"/><line number="230" hits="0"/><line number="237" hits="0"/><line number="238" hits="0"/><line number="243" hits="0"/><line number="244" hits="0"/><line number="246" hits="0"/><line number="251" hits="0"/><line number="252" hits="0"/><line number="253" hits="0"/><line number="254" hits="0"/><line number="255" hits="0"/><line number="256" hits="0"/><line number="257" hits="0"/><line number="258" hits="0"/><line number="259" hits="0"/><line number="260" hits="0"/><line number="261" hits="0"/><line number="262" hits="0"/><line number="263" hits="0"/><line number="264" hits="0"/><line number="265" hits="0"/><line number="266" hits="0"/><line number="267" hits="0"/><line number="268" hits="0"/><line number="269" hits="0"/><line number="270" hits="0"/><line number="271" hits="0"/><line number="273" hits="0"/><line number="296" hits="0"/><line number="297" hits="0"/><line number="302" hits="0"/><line number="303" hits="0"/><line number="308" hits="0"/><line number="309" hits="0"/><line number="311" hits="0"/><line number="340" hits="0"/><line number="341" hits="0"/><line number="342" hits="0"/><line number="343" hits="0"/><line number="349" hits="0"/><line number="350" hits="0"/><line number="351" hits="0"/><line number="352" hits="0"/><line number="354" hits="0"/><line number="366" hits="0"/><line number="367" hits="0"/><line number="368" hits="0"/></lines></class><class name="visit" filename="src/mimic/orm/src/visit.rs" line-rate="0" branch-rate="0" complexity="0"><methods/><lines><line number="26" hits="0"/><line number="27" hits="0"/><line number="31" hits="0"/><line number="32" hits="0"/><line number="33" hits="0"/><line number="34" hits="0"/><line number="35" hits="0"/><line number="36" hits="0"/><line number="40" hits="0"/><line number="41" hits="0"/><line number="42" hits="0"/><line number="43" hits="0"/><line number="44" hits="0"/><line number="45" hits="0"/><line number="63" hits="0"/><line number="64" hits="0"/><line number="67" hits="0"/><line number="68" hits="0"/><line number="70" hits="0"/><line number="89" hits="0"/><line number="90" hits="0"/><line number="95" hits="0"/><line number="96" hits="0"/><line number="97" hits="0"/><line number="99" hits="0"/><line number="100" hits="0"/><line number="101" hits="0"/><line number="104" hits="0"/><line number="109" hits="0"/><line number="117" hits="0"/><line number="118" hits="0"/><line number="121" hits="0"/><line number="122" hits="0"/><line number="125" hits="0"/><line number="126" hits="0"/><line number="140" hits="0"/><line number="141" hits="0"/><line number="157" hits="0"/><line number="158" hits="0"/></lines></class></classes></package></packages></coverage>